{"C:\\Users\\HP\\Downloads\\emerge_app\\functions\\lib\\accountDeletion.js": {"path":"C:\\Users\\HP\\Downloads\\emerge_app\\functions\\lib\\accountDeletion.js","statementMap":{"0":{"start":{"line":2,"column":0},"end":{"line":2,"column":62}},"1":{"start":{"line":3,"column":0},"end":{"line":3,"column":33}},"2":{"start":{"line":4,"column":16},"end":{"line":4,"column":54}},"3":{"start":{"line":13,"column":0},"end":{"line":188,"column":3}},"4":{"start":{"line":14,"column":4},"end":{"line":187,"column":10}}},"fnMap":{"0":{"name":"(anonymous_0)","decl":{"start":{"line":13,"column":49},"end":{"line":13,"column":50}},"loc":{"start":{"line":13,"column":64},"end":{"line":188,"column":1}},"line":13}},"branchMap":{},"s":{"0":1,"1":1,"2":1,"3":1,"4":0},"f":{"0":0},"b":{},"inputSourceMap":null,"_coverageSchema":"1a1c01bbd47fc00a2c39e90264f33305004495a9","hash":"e49b0d7d3007f64e574689b5b9181e0a030f1b88"}
,"C:\\Users\\HP\\Downloads\\emerge_app\\functions\\lib\\ai_recap.js": {"path":"C:\\Users\\HP\\Downloads\\emerge_app\\functions\\lib\\ai_recap.js","statementMap":{"0":{"start":{"line":2,"column":22},"end":{"line":12,"column":3}},"1":{"start":{"line":3,"column":4},"end":{"line":3,"column":33}},"2":{"start":{"line":3,"column":26},"end":{"line":3,"column":33}},"3":{"start":{"line":4,"column":15},"end":{"line":4,"column":52}},"4":{"start":{"line":5,"column":4},"end":{"line":7,"column":5}},"5":{"start":{"line":6,"column":6},"end":{"line":6,"column":68}},"6":{"start":{"line":6,"column":51},"end":{"line":6,"column":63}},"7":{"start":{"line":8,"column":4},"end":{"line":8,"column":39}},"8":{"start":{"line":10,"column":4},"end":{"line":10,"column":33}},"9":{"start":{"line":10,"column":26},"end":{"line":10,"column":33}},"10":{"start":{"line":11,"column":4},"end":{"line":11,"column":17}},"11":{"start":{"line":13,"column":25},"end":{"line":17,"column":2}},"12":{"start":{"line":14,"column":4},"end":{"line":14,"column":72}},"13":{"start":{"line":16,"column":4},"end":{"line":16,"column":21}},"14":{"start":{"line":18,"column":19},"end":{"line":34,"column":4}},"15":{"start":{"line":19,"column":18},"end":{"line":26,"column":5}},"16":{"start":{"line":20,"column":8},"end":{"line":24,"column":10}},"17":{"start":{"line":21,"column":21},"end":{"line":21,"column":23}},"18":{"start":{"line":22,"column":12},"end":{"line":22,"column":95}},"19":{"start":{"line":22,"column":29},"end":{"line":22,"column":95}},"20":{"start":{"line":22,"column":77},"end":{"line":22,"column":95}},"21":{"start":{"line":23,"column":12},"end":{"line":23,"column":22}},"22":{"start":{"line":25,"column":8},"end":{"line":25,"column":26}},"23":{"start":{"line":27,"column":4},"end":{"line":33,"column":6}},"24":{"start":{"line":28,"column":8},"end":{"line":28,"column":46}},"25":{"start":{"line":28,"column":35},"end":{"line":28,"column":46}},"26":{"start":{"line":29,"column":21},"end":{"line":29,"column":23}},"27":{"start":{"line":30,"column":8},"end":{"line":30,"column":137}},"28":{"start":{"line":30,"column":25},"end":{"line":30,"column":137}},"29":{"start":{"line":30,"column":38},"end":{"line":30,"column":50}},"30":{"start":{"line":30,"column":56},"end":{"line":30,"column":57}},"31":{"start":{"line":30,"column":78},"end":{"line":30,"column":137}},"32":{"start":{"line":30,"column":102},"end":{"line":30,"column":137}},"33":{"start":{"line":31,"column":8},"end":{"line":31,"column":40}},"34":{"start":{"line":32,"column":8},"end":{"line":32,"column":22}},"35":{"start":{"line":35,"column":0},"end":{"line":35,"column":62}},"36":{"start":{"line":36,"column":0},"end":{"line":36,"column":33}},"37":{"start":{"line":37,"column":16},"end":{"line":37,"column":54}},"38":{"start":{"line":38,"column":14},"end":{"line":38,"column":53}},"39":{"start":{"line":45,"column":0},"end":{"line":221,"column":3}},"40":{"start":{"line":51,"column":4},"end":{"line":53,"column":5}},"41":{"start":{"line":52,"column":8},"end":{"line":52,"column":87}},"42":{"start":{"line":54,"column":19},"end":{"line":54,"column":35}},"43":{"start":{"line":55,"column":15},"end":{"line":55,"column":32}},"44":{"start":{"line":56,"column":4},"end":{"line":56,"column":66}},"45":{"start":{"line":57,"column":4},"end":{"line":220,"column":5}},"46":{"start":{"line":59,"column":24},"end":{"line":59,"column":75}},"47":{"start":{"line":60,"column":25},"end":{"line":60,"column":39}},"48":{"start":{"line":62,"column":26},"end":{"line":62,"column":107}},"49":{"start":{"line":63,"column":8},"end":{"line":66,"column":9}},"50":{"start":{"line":64,"column":12},"end":{"line":64,"column":105}},"51":{"start":{"line":65,"column":12},"end":{"line":65,"column":100}},"52":{"start":{"line":67,"column":27},"end":{"line":67,"column":92}},"53":{"start":{"line":68,"column":8},"end":{"line":71,"column":9}},"54":{"start":{"line":69,"column":12},"end":{"line":69,"column":81}},"55":{"start":{"line":70,"column":12},"end":{"line":70,"column":59}},"56":{"start":{"line":72,"column":25},"end":{"line":72,"column":27}},"57":{"start":{"line":73,"column":8},"end":{"line":75,"column":11}},"58":{"start":{"line":74,"column":12},"end":{"line":74,"column":42}},"59":{"start":{"line":77,"column":20},"end":{"line":77,"column":30}},"60":{"start":{"line":78,"column":29},"end":{"line":78,"column":39}},"61":{"start":{"line":79,"column":8},"end":{"line":79,"column":49}},"62":{"start":{"line":80,"column":26},"end":{"line":80,"column":98}},"63":{"start":{"line":81,"column":24},"end":{"line":81,"column":83}},"64":{"start":{"line":82,"column":8},"end":{"line":82,"column":119}},"65":{"start":{"line":83,"column":29},"end":{"line":88,"column":18}},"66":{"start":{"line":89,"column":8},"end":{"line":89,"column":100}},"67":{"start":{"line":91,"column":36},"end":{"line":91,"column":38}},"68":{"start":{"line":92,"column":31},"end":{"line":92,"column":32}},"69":{"start":{"line":93,"column":8},"end":{"line":100,"column":11}},"70":{"start":{"line":94,"column":25},"end":{"line":94,"column":35}},"71":{"start":{"line":95,"column":28},"end":{"line":95,"column":40}},"72":{"start":{"line":96,"column":12},"end":{"line":99,"column":13}},"73":{"start":{"line":97,"column":16},"end":{"line":97,"column":87}},"74":{"start":{"line":98,"column":16},"end":{"line":98,"column":35}},"75":{"start":{"line":102,"column":25},"end":{"line":102,"column":29}},"76":{"start":{"line":103,"column":29},"end":{"line":103,"column":30}},"77":{"start":{"line":104,"column":8},"end":{"line":109,"column":9}},"78":{"start":{"line":105,"column":12},"end":{"line":108,"column":13}},"79":{"start":{"line":106,"column":16},"end":{"line":106,"column":39}},"80":{"start":{"line":107,"column":16},"end":{"line":107,"column":32}},"81":{"start":{"line":110,"column":30},"end":{"line":110,"column":148}},"82":{"start":{"line":112,"column":31},"end":{"line":112,"column":33}},"83":{"start":{"line":113,"column":29},"end":{"line":113,"column":31}},"84":{"start":{"line":114,"column":28},"end":{"line":114,"column":117}},"85":{"start":{"line":115,"column":8},"end":{"line":133,"column":9}},"86":{"start":{"line":116,"column":30},"end":{"line":116,"column":47}},"87":{"start":{"line":117,"column":12},"end":{"line":118,"column":25}},"88":{"start":{"line":118,"column":16},"end":{"line":118,"column":25}},"89":{"start":{"line":119,"column":29},"end":{"line":119,"column":48}},"90":{"start":{"line":121,"column":12},"end":{"line":132,"column":13}},"91":{"start":{"line":122,"column":40},"end":{"line":122,"column":66}},"92":{"start":{"line":123,"column":37},"end":{"line":123,"column":82}},"93":{"start":{"line":124,"column":39},"end":{"line":124,"column":137}},"94":{"start":{"line":125,"column":16},"end":{"line":131,"column":17}},"95":{"start":{"line":126,"column":20},"end":{"line":126,"column":116}},"96":{"start":{"line":127,"column":20},"end":{"line":130,"column":24}},"97":{"start":{"line":134,"column":8},"end":{"line":137,"column":9}},"98":{"start":{"line":135,"column":12},"end":{"line":135,"column":44}},"99":{"start":{"line":136,"column":12},"end":{"line":136,"column":101}},"100":{"start":{"line":139,"column":30},"end":{"line":139,"column":49}},"101":{"start":{"line":140,"column":26},"end":{"line":140,"column":115}},"102":{"start":{"line":141,"column":27},"end":{"line":141,"column":51}},"103":{"start":{"line":142,"column":8},"end":{"line":180,"column":9}},"104":{"start":{"line":143,"column":12},"end":{"line":179,"column":13}},"105":{"start":{"line":144,"column":16},"end":{"line":144,"column":79}},"106":{"start":{"line":145,"column":33},"end":{"line":165,"column":18}},"107":{"start":{"line":166,"column":16},"end":{"line":175,"column":17}},"108":{"start":{"line":167,"column":35},"end":{"line":167,"column":56}},"109":{"start":{"line":168,"column":36},"end":{"line":168,"column":185}},"110":{"start":{"line":169,"column":20},"end":{"line":169,"column":74}},"111":{"start":{"line":170,"column":20},"end":{"line":170,"column":65}},"112":{"start":{"line":171,"column":20},"end":{"line":171,"column":92}},"113":{"start":{"line":174,"column":20},"end":{"line":174,"column":94}},"114":{"start":{"line":178,"column":16},"end":{"line":178,"column":87}},"115":{"start":{"line":182,"column":28},"end":{"line":182,"column":38}},"116":{"start":{"line":183,"column":29},"end":{"line":183,"column":39}},"117":{"start":{"line":184,"column":8},"end":{"line":184,"column":56}},"118":{"start":{"line":185,"column":24},"end":{"line":185,"column":56}},"119":{"start":{"line":186,"column":26},"end":{"line":204,"column":9}},"120":{"start":{"line":206,"column":8},"end":{"line":206,"column":103}},"121":{"start":{"line":208,"column":8},"end":{"line":208,"column":73}},"122":{"start":{"line":209,"column":8},"end":{"line":209,"column":82}},"123":{"start":{"line":210,"column":8},"end":{"line":215,"column":10}},"124":{"start":{"line":218,"column":8},"end":{"line":218,"column":66}},"125":{"start":{"line":219,"column":8},"end":{"line":219,"column":123}}},"fnMap":{"0":{"name":"(anonymous_0)","decl":{"start":{"line":2,"column":74},"end":{"line":2,"column":75}},"loc":{"start":{"line":2,"column":96},"end":{"line":9,"column":1}},"line":2},"1":{"name":"(anonymous_1)","decl":{"start":{"line":6,"column":38},"end":{"line":6,"column":39}},"loc":{"start":{"line":6,"column":49},"end":{"line":6,"column":65}},"line":6},"2":{"name":"(anonymous_2)","decl":{"start":{"line":9,"column":6},"end":{"line":9,"column":7}},"loc":{"start":{"line":9,"column":28},"end":{"line":12,"column":1}},"line":9},"3":{"name":"(anonymous_3)","decl":{"start":{"line":13,"column":80},"end":{"line":13,"column":81}},"loc":{"start":{"line":13,"column":95},"end":{"line":15,"column":1}},"line":13},"4":{"name":"(anonymous_4)","decl":{"start":{"line":15,"column":5},"end":{"line":15,"column":6}},"loc":{"start":{"line":15,"column":20},"end":{"line":17,"column":1}},"line":15},"5":{"name":"(anonymous_5)","decl":{"start":{"line":18,"column":51},"end":{"line":18,"column":52}},"loc":{"start":{"line":18,"column":63},"end":{"line":34,"column":1}},"line":18},"6":{"name":"(anonymous_6)","decl":{"start":{"line":19,"column":18},"end":{"line":19,"column":19}},"loc":{"start":{"line":19,"column":30},"end":{"line":26,"column":5}},"line":19},"7":{"name":"(anonymous_7)","decl":{"start":{"line":20,"column":48},"end":{"line":20,"column":49}},"loc":{"start":{"line":20,"column":61},"end":{"line":24,"column":9}},"line":20},"8":{"name":"(anonymous_8)","decl":{"start":{"line":27,"column":11},"end":{"line":27,"column":12}},"loc":{"start":{"line":27,"column":26},"end":{"line":33,"column":5}},"line":27},"9":{"name":"(anonymous_9)","decl":{"start":{"line":49,"column":3},"end":{"line":49,"column":4}},"loc":{"start":{"line":49,"column":22},"end":{"line":221,"column":1}},"line":49},"10":{"name":"(anonymous_10)","decl":{"start":{"line":73,"column":32},"end":{"line":73,"column":33}},"loc":{"start":{"line":73,"column":41},"end":{"line":75,"column":9}},"line":73},"11":{"name":"(anonymous_11)","decl":{"start":{"line":93,"column":34},"end":{"line":93,"column":35}},"loc":{"start":{"line":93,"column":43},"end":{"line":100,"column":9}},"line":93}},"branchMap":{"0":{"loc":{"start":{"line":2,"column":22},"end":{"line":12,"column":3}},"type":"binary-expr","locations":[{"start":{"line":2,"column":23},"end":{"line":2,"column":27}},{"start":{"line":2,"column":31},"end":{"line":2,"column":51}},{"start":{"line":2,"column":57},"end":{"line":12,"column":2}}],"line":2},"1":{"loc":{"start":{"line":2,"column":57},"end":{"line":12,"column":2}},"type":"cond-expr","locations":[{"start":{"line":2,"column":74},"end":{"line":9,"column":1}},{"start":{"line":9,"column":6},"end":{"line":12,"column":1}}],"line":2},"2":{"loc":{"start":{"line":3,"column":4},"end":{"line":3,"column":33}},"type":"if","locations":[{"start":{"line":3,"column":4},"end":{"line":3,"column":33}},{"start":{},"end":{}}],"line":3},"3":{"loc":{"start":{"line":5,"column":4},"end":{"line":7,"column":5}},"type":"if","locations":[{"start":{"line":5,"column":4},"end":{"line":7,"column":5}},{"start":{},"end":{}}],"line":5},"4":{"loc":{"start":{"line":5,"column":8},"end":{"line":5,"column":85}},"type":"binary-expr","locations":[{"start":{"line":5,"column":8},"end":{"line":5,"column":13}},{"start":{"line":5,"column":18},"end":{"line":5,"column":84}}],"line":5},"5":{"loc":{"start":{"line":5,"column":18},"end":{"line":5,"column":84}},"type":"cond-expr","locations":[{"start":{"line":5,"column":34},"end":{"line":5,"column":47}},{"start":{"line":5,"column":50},"end":{"line":5,"column":84}}],"line":5},"6":{"loc":{"start":{"line":5,"column":50},"end":{"line":5,"column":84}},"type":"binary-expr","locations":[{"start":{"line":5,"column":50},"end":{"line":5,"column":63}},{"start":{"line":5,"column":67},"end":{"line":5,"column":84}}],"line":5},"7":{"loc":{"start":{"line":10,"column":4},"end":{"line":10,"column":33}},"type":"if","locations":[{"start":{"line":10,"column":4},"end":{"line":10,"column":33}},{"start":{},"end":{}}],"line":10},"8":{"loc":{"start":{"line":13,"column":25},"end":{"line":17,"column":2}},"type":"binary-expr","locations":[{"start":{"line":13,"column":26},"end":{"line":13,"column":30}},{"start":{"line":13,"column":34},"end":{"line":13,"column":57}},{"start":{"line":13,"column":63},"end":{"line":17,"column":1}}],"line":13},"9":{"loc":{"start":{"line":13,"column":63},"end":{"line":17,"column":1}},"type":"cond-expr","locations":[{"start":{"line":13,"column":80},"end":{"line":15,"column":1}},{"start":{"line":15,"column":5},"end":{"line":17,"column":1}}],"line":13},"10":{"loc":{"start":{"line":18,"column":19},"end":{"line":34,"column":4}},"type":"binary-expr","locations":[{"start":{"line":18,"column":20},"end":{"line":18,"column":24}},{"start":{"line":18,"column":28},"end":{"line":18,"column":45}},{"start":{"line":18,"column":50},"end":{"line":34,"column":4}}],"line":18},"11":{"loc":{"start":{"line":20,"column":18},"end":{"line":24,"column":9}},"type":"binary-expr","locations":[{"start":{"line":20,"column":18},"end":{"line":20,"column":44}},{"start":{"line":20,"column":48},"end":{"line":24,"column":9}}],"line":20},"12":{"loc":{"start":{"line":22,"column":29},"end":{"line":22,"column":95}},"type":"if","locations":[{"start":{"line":22,"column":29},"end":{"line":22,"column":95}},{"start":{},"end":{}}],"line":22},"13":{"loc":{"start":{"line":28,"column":8},"end":{"line":28,"column":46}},"type":"if","locations":[{"start":{"line":28,"column":8},"end":{"line":28,"column":46}},{"start":{},"end":{}}],"line":28},"14":{"loc":{"start":{"line":28,"column":12},"end":{"line":28,"column":33}},"type":"binary-expr","locations":[{"start":{"line":28,"column":12},"end":{"line":28,"column":15}},{"start":{"line":28,"column":19},"end":{"line":28,"column":33}}],"line":28},"15":{"loc":{"start":{"line":30,"column":8},"end":{"line":30,"column":137}},"type":"if","locations":[{"start":{"line":30,"column":8},"end":{"line":30,"column":137}},{"start":{},"end":{}}],"line":30},"16":{"loc":{"start":{"line":30,"column":78},"end":{"line":30,"column":137}},"type":"if","locations":[{"start":{"line":30,"column":78},"end":{"line":30,"column":137}},{"start":{},"end":{}}],"line":30},"17":{"loc":{"start":{"line":51,"column":4},"end":{"line":53,"column":5}},"type":"if","locations":[{"start":{"line":51,"column":4},"end":{"line":53,"column":5}},{"start":{},"end":{}}],"line":51},"18":{"loc":{"start":{"line":62,"column":27},"end":{"line":62,"column":97}},"type":"cond-expr","locations":[{"start":{"line":62,"column":70},"end":{"line":62,"column":76}},{"start":{"line":62,"column":79},"end":{"line":62,"column":97}}],"line":62},"19":{"loc":{"start":{"line":62,"column":27},"end":{"line":62,"column":67}},"type":"binary-expr","locations":[{"start":{"line":62,"column":27},"end":{"line":62,"column":44}},{"start":{"line":62,"column":48},"end":{"line":62,"column":67}}],"line":62},"20":{"loc":{"start":{"line":63,"column":8},"end":{"line":66,"column":9}},"type":"if","locations":[{"start":{"line":63,"column":8},"end":{"line":66,"column":9}},{"start":{},"end":{}}],"line":63},"21":{"loc":{"start":{"line":68,"column":8},"end":{"line":71,"column":9}},"type":"if","locations":[{"start":{"line":68,"column":8},"end":{"line":71,"column":9}},{"start":{},"end":{}}],"line":68},"22":{"loc":{"start":{"line":80,"column":26},"end":{"line":80,"column":98}},"type":"cond-expr","locations":[{"start":{"line":80,"column":51},"end":{"line":80,"column":83}},{"start":{"line":80,"column":86},"end":{"line":80,"column":98}}],"line":80},"23":{"loc":{"start":{"line":81,"column":24},"end":{"line":81,"column":83}},"type":"cond-expr","locations":[{"start":{"line":81,"column":47},"end":{"line":81,"column":77}},{"start":{"line":81,"column":80},"end":{"line":81,"column":83}}],"line":81},"24":{"loc":{"start":{"line":96,"column":12},"end":{"line":99,"column":13}},"type":"if","locations":[{"start":{"line":96,"column":12},"end":{"line":99,"column":13}},{"start":{},"end":{}}],"line":96},"25":{"loc":{"start":{"line":97,"column":48},"end":{"line":97,"column":81}},"type":"binary-expr","locations":[{"start":{"line":97,"column":48},"end":{"line":97,"column":76}},{"start":{"line":97,"column":80},"end":{"line":97,"column":81}}],"line":97},"26":{"loc":{"start":{"line":105,"column":12},"end":{"line":108,"column":13}},"type":"if","locations":[{"start":{"line":105,"column":12},"end":{"line":108,"column":13}},{"start":{},"end":{}}],"line":105},"27":{"loc":{"start":{"line":110,"column":30},"end":{"line":110,"column":148}},"type":"cond-expr","locations":[{"start":{"line":110,"column":44},"end":{"line":110,"column":138}},{"start":{"line":110,"column":142},"end":{"line":110,"column":148}}],"line":110},"28":{"loc":{"start":{"line":110,"column":44},"end":{"line":110,"column":138}},"type":"binary-expr","locations":[{"start":{"line":110,"column":45},"end":{"line":110,"column":118}},{"start":{"line":110,"column":123},"end":{"line":110,"column":138}}],"line":110},"29":{"loc":{"start":{"line":110,"column":45},"end":{"line":110,"column":118}},"type":"cond-expr","locations":[{"start":{"line":110,"column":101},"end":{"line":110,"column":107}},{"start":{"line":110,"column":110},"end":{"line":110,"column":118}}],"line":110},"30":{"loc":{"start":{"line":110,"column":45},"end":{"line":110,"column":98}},"type":"binary-expr","locations":[{"start":{"line":110,"column":45},"end":{"line":110,"column":81}},{"start":{"line":110,"column":85},"end":{"line":110,"column":98}}],"line":110},"31":{"loc":{"start":{"line":117,"column":12},"end":{"line":118,"column":25}},"type":"if","locations":[{"start":{"line":117,"column":12},"end":{"line":118,"column":25}},{"start":{},"end":{}}],"line":117},"32":{"loc":{"start":{"line":121,"column":12},"end":{"line":132,"column":13}},"type":"if","locations":[{"start":{"line":121,"column":12},"end":{"line":132,"column":13}},{"start":{},"end":{}}],"line":121},"33":{"loc":{"start":{"line":121,"column":16},"end":{"line":121,"column":65}},"type":"binary-expr","locations":[{"start":{"line":121,"column":16},"end":{"line":121,"column":30}},{"start":{"line":121,"column":34},"end":{"line":121,"column":65}}],"line":121},"34":{"loc":{"start":{"line":124,"column":39},"end":{"line":124,"column":137}},"type":"cond-expr","locations":[{"start":{"line":124,"column":81},"end":{"line":124,"column":114}},{"start":{"line":124,"column":117},"end":{"line":124,"column":137}}],"line":124},"35":{"loc":{"start":{"line":124,"column":39},"end":{"line":124,"column":78}},"type":"binary-expr","locations":[{"start":{"line":124,"column":39},"end":{"line":124,"column":58}},{"start":{"line":124,"column":62},"end":{"line":124,"column":78}}],"line":124},"36":{"loc":{"start":{"line":125,"column":16},"end":{"line":131,"column":17}},"type":"if","locations":[{"start":{"line":125,"column":16},"end":{"line":131,"column":17}},{"start":{},"end":{}}],"line":125},"37":{"loc":{"start":{"line":134,"column":8},"end":{"line":137,"column":9}},"type":"if","locations":[{"start":{"line":134,"column":8},"end":{"line":137,"column":9}},{"start":{},"end":{}}],"line":134},"38":{"loc":{"start":{"line":142,"column":8},"end":{"line":180,"column":9}},"type":"if","locations":[{"start":{"line":142,"column":8},"end":{"line":180,"column":9}},{"start":{},"end":{}}],"line":142},"39":{"loc":{"start":{"line":142,"column":12},"end":{"line":142,"column":46}},"type":"binary-expr","locations":[{"start":{"line":142,"column":12},"end":{"line":142,"column":22}},{"start":{"line":142,"column":26},"end":{"line":142,"column":46}}],"line":142},"40":{"loc":{"start":{"line":166,"column":16},"end":{"line":175,"column":17}},"type":"if","locations":[{"start":{"line":166,"column":16},"end":{"line":175,"column":17}},{"start":{"line":173,"column":21},"end":{"line":175,"column":17}}],"line":166},"41":{"loc":{"start":{"line":168,"column":47},"end":{"line":168,"column":184}},"type":"binary-expr","locations":[{"start":{"line":168,"column":48},"end":{"line":168,"column":175}},{"start":{"line":168,"column":180},"end":{"line":168,"column":184}}],"line":168},"42":{"loc":{"start":{"line":168,"column":48},"end":{"line":168,"column":175}},"type":"cond-expr","locations":[{"start":{"line":168,"column":156},"end":{"line":168,"column":162}},{"start":{"line":168,"column":165},"end":{"line":168,"column":175}}],"line":168},"43":{"loc":{"start":{"line":168,"column":48},"end":{"line":168,"column":153}},"type":"binary-expr","locations":[{"start":{"line":168,"column":48},"end":{"line":168,"column":136}},{"start":{"line":168,"column":140},"end":{"line":168,"column":153}}],"line":168},"44":{"loc":{"start":{"line":168,"column":54},"end":{"line":168,"column":126}},"type":"cond-expr","locations":[{"start":{"line":168,"column":107},"end":{"line":168,"column":113}},{"start":{"line":168,"column":116},"end":{"line":168,"column":126}}],"line":168},"45":{"loc":{"start":{"line":168,"column":54},"end":{"line":168,"column":104}},"type":"binary-expr","locations":[{"start":{"line":168,"column":54},"end":{"line":168,"column":87}},{"start":{"line":168,"column":91},"end":{"line":168,"column":104}}],"line":168},"46":{"loc":{"start":{"line":169,"column":38},"end":{"line":169,"column":73}},"type":"binary-expr","locations":[{"start":{"line":169,"column":38},"end":{"line":169,"column":54}},{"start":{"line":169,"column":58},"end":{"line":169,"column":73}}],"line":169},"47":{"loc":{"start":{"line":170,"column":34},"end":{"line":170,"column":64}},"type":"binary-expr","locations":[{"start":{"line":170,"column":34},"end":{"line":170,"column":49}},{"start":{"line":170,"column":53},"end":{"line":170,"column":64}}],"line":170},"48":{"loc":{"start":{"line":195,"column":26},"end":{"line":195,"column":100}},"type":"binary-expr","locations":[{"start":{"line":195,"column":27},"end":{"line":195,"column":94}},{"start":{"line":195,"column":99},"end":{"line":195,"column":100}}],"line":195},"49":{"loc":{"start":{"line":195,"column":27},"end":{"line":195,"column":94}},"type":"cond-expr","locations":[{"start":{"line":195,"column":77},"end":{"line":195,"column":83}},{"start":{"line":195,"column":86},"end":{"line":195,"column":94}}],"line":195},"50":{"loc":{"start":{"line":195,"column":27},"end":{"line":195,"column":74}},"type":"binary-expr","locations":[{"start":{"line":195,"column":27},"end":{"line":195,"column":57}},{"start":{"line":195,"column":61},"end":{"line":195,"column":74}}],"line":195},"51":{"loc":{"start":{"line":197,"column":38},"end":{"line":197,"column":125}},"type":"binary-expr","locations":[{"start":{"line":197,"column":39},"end":{"line":197,"column":110}},{"start":{"line":197,"column":115},"end":{"line":197,"column":125}}],"line":197},"52":{"loc":{"start":{"line":197,"column":39},"end":{"line":197,"column":110}},"type":"cond-expr","locations":[{"start":{"line":197,"column":89},"end":{"line":197,"column":95}},{"start":{"line":197,"column":98},"end":{"line":197,"column":110}}],"line":197},"53":{"loc":{"start":{"line":197,"column":39},"end":{"line":197,"column":86}},"type":"binary-expr","locations":[{"start":{"line":197,"column":39},"end":{"line":197,"column":69}},{"start":{"line":197,"column":73},"end":{"line":197,"column":86}}],"line":197},"54":{"loc":{"start":{"line":201,"column":45},"end":{"line":201,"column":88}},"type":"cond-expr","locations":[{"start":{"line":201,"column":73},"end":{"line":201,"column":81}},{"start":{"line":201,"column":84},"end":{"line":201,"column":88}}],"line":201},"55":{"loc":{"start":{"line":219,"column":49},"end":{"line":219,"column":121}},"type":"binary-expr","locations":[{"start":{"line":219,"column":49},"end":{"line":219,"column":62}},{"start":{"line":219,"column":66},"end":{"line":219,"column":121}}],"line":219}},"s":{"0":1,"1":0,"2":0,"3":0,"4":0,"5":0,"6":0,"7":0,"8":0,"9":0,"10":0,"11":1,"12":0,"13":0,"14":1,"15":1,"16":0,"17":0,"18":0,"19":0,"20":0,"21":0,"22":0,"23":1,"24":1,"25":1,"26":0,"27":0,"28":0,"29":0,"30":0,"31":0,"32":0,"33":0,"34":0,"35":1,"36":1,"37":1,"38":1,"39":1,"40":0,"41":0,"42":0,"43":0,"44":0,"45":0,"46":0,"47":0,"48":0,"49":0,"50":0,"51":0,"52":0,"53":0,"54":0,"55":0,"56":0,"57":0,"58":0,"59":0,"60":0,"61":0,"62":0,"63":0,"64":0,"65":0,"66":0,"67":0,"68":0,"69":0,"70":0,"71":0,"72":0,"73":0,"74":0,"75":0,"76":0,"77":0,"78":0,"79":0,"80":0,"81":0,"82":0,"83":0,"84":0,"85":0,"86":0,"87":0,"88":0,"89":0,"90":0,"91":0,"92":0,"93":0,"94":0,"95":0,"96":0,"97":0,"98":0,"99":0,"100":0,"101":0,"102":0,"103":0,"104":0,"105":0,"106":0,"107":0,"108":0,"109":0,"110":0,"111":0,"112":0,"113":0,"114":0,"115":0,"116":0,"117":0,"118":0,"119":0,"120":0,"121":0,"122":0,"123":0,"124":0,"125":0},"f":{"0":0,"1":0,"2":0,"3":0,"4":0,"5":1,"6":0,"7":0,"8":1,"9":0,"10":0,"11":0},"b":{"0":[1,1,1],"1":[1,0],"2":[0,0],"3":[0,0],"4":[0,0],"5":[0,0],"6":[0,0],"7":[0,0],"8":[1,1,1],"9":[1,0],"10":[1,1,1],"11":[0,0],"12":[0,0],"13":[1,0],"14":[1,1],"15":[0,0],"16":[0,0],"17":[0,0],"18":[0,0],"19":[0,0],"20":[0,0],"21":[0,0],"22":[0,0],"23":[0,0],"24":[0,0],"25":[0,0],"26":[0,0],"27":[0,0],"28":[0,0],"29":[0,0],"30":[0,0],"31":[0,0],"32":[0,0],"33":[0,0],"34":[0,0],"35":[0,0],"36":[0,0],"37":[0,0],"38":[0,0],"39":[0,0],"40":[0,0],"41":[0,0],"42":[0,0],"43":[0,0],"44":[0,0],"45":[0,0],"46":[0,0],"47":[0,0],"48":[0,0],"49":[0,0],"50":[0,0],"51":[0,0],"52":[0,0],"53":[0,0],"54":[0,0],"55":[0,0]},"inputSourceMap":null,"_coverageSchema":"1a1c01bbd47fc00a2c39e90264f33305004495a9","hash":"f0629debafcc5767230e9b9996d665dcc2c2d491"}
,"C:\\Users\\HP\\Downloads\\emerge_app\\functions\\lib\\challenges.js": {"path":"C:\\Users\\HP\\Downloads\\emerge_app\\functions\\lib\\challenges.js","statementMap":{"0":{"start":{"line":2,"column":22},"end":{"line":12,"column":3}},"1":{"start":{"line":3,"column":4},"end":{"line":3,"column":33}},"2":{"start":{"line":3,"column":26},"end":{"line":3,"column":33}},"3":{"start":{"line":4,"column":15},"end":{"line":4,"column":52}},"4":{"start":{"line":5,"column":4},"end":{"line":7,"column":5}},"5":{"start":{"line":6,"column":6},"end":{"line":6,"column":68}},"6":{"start":{"line":6,"column":51},"end":{"line":6,"column":63}},"7":{"start":{"line":8,"column":4},"end":{"line":8,"column":39}},"8":{"start":{"line":10,"column":4},"end":{"line":10,"column":33}},"9":{"start":{"line":10,"column":26},"end":{"line":10,"column":33}},"10":{"start":{"line":11,"column":4},"end":{"line":11,"column":17}},"11":{"start":{"line":13,"column":25},"end":{"line":17,"column":2}},"12":{"start":{"line":14,"column":4},"end":{"line":14,"column":72}},"13":{"start":{"line":16,"column":4},"end":{"line":16,"column":21}},"14":{"start":{"line":18,"column":19},"end":{"line":34,"column":4}},"15":{"start":{"line":19,"column":18},"end":{"line":26,"column":5}},"16":{"start":{"line":20,"column":8},"end":{"line":24,"column":10}},"17":{"start":{"line":21,"column":21},"end":{"line":21,"column":23}},"18":{"start":{"line":22,"column":12},"end":{"line":22,"column":95}},"19":{"start":{"line":22,"column":29},"end":{"line":22,"column":95}},"20":{"start":{"line":22,"column":77},"end":{"line":22,"column":95}},"21":{"start":{"line":23,"column":12},"end":{"line":23,"column":22}},"22":{"start":{"line":25,"column":8},"end":{"line":25,"column":26}},"23":{"start":{"line":27,"column":4},"end":{"line":33,"column":6}},"24":{"start":{"line":28,"column":8},"end":{"line":28,"column":46}},"25":{"start":{"line":28,"column":35},"end":{"line":28,"column":46}},"26":{"start":{"line":29,"column":21},"end":{"line":29,"column":23}},"27":{"start":{"line":30,"column":8},"end":{"line":30,"column":137}},"28":{"start":{"line":30,"column":25},"end":{"line":30,"column":137}},"29":{"start":{"line":30,"column":38},"end":{"line":30,"column":50}},"30":{"start":{"line":30,"column":56},"end":{"line":30,"column":57}},"31":{"start":{"line":30,"column":78},"end":{"line":30,"column":137}},"32":{"start":{"line":30,"column":102},"end":{"line":30,"column":137}},"33":{"start":{"line":31,"column":8},"end":{"line":31,"column":40}},"34":{"start":{"line":32,"column":8},"end":{"line":32,"column":22}},"35":{"start":{"line":35,"column":0},"end":{"line":35,"column":62}},"36":{"start":{"line":36,"column":0},"end":{"line":36,"column":82}},"37":{"start":{"line":37,"column":20},"end":{"line":37,"column":62}},"38":{"start":{"line":38,"column":14},"end":{"line":38,"column":53}},"39":{"start":{"line":39,"column":11},"end":{"line":39,"column":28}},"40":{"start":{"line":43,"column":0},"end":{"line":73,"column":3}},"41":{"start":{"line":45,"column":36},"end":{"line":45,"column":48}},"42":{"start":{"line":46,"column":19},"end":{"line":46,"column":90}},"43":{"start":{"line":47,"column":18},"end":{"line":47,"column":88}},"44":{"start":{"line":48,"column":4},"end":{"line":71,"column":5}},"45":{"start":{"line":50,"column":8},"end":{"line":50,"column":70}},"46":{"start":{"line":51,"column":8},"end":{"line":58,"column":9}},"47":{"start":{"line":52,"column":12},"end":{"line":54,"column":15}},"48":{"start":{"line":57,"column":12},"end":{"line":57,"column":74}},"49":{"start":{"line":60,"column":9},"end":{"line":71,"column":5}},"50":{"start":{"line":62,"column":8},"end":{"line":62,"column":68}},"51":{"start":{"line":63,"column":8},"end":{"line":70,"column":9}},"52":{"start":{"line":64,"column":12},"end":{"line":66,"column":15}},"53":{"start":{"line":69,"column":12},"end":{"line":69,"column":74}},"54":{"start":{"line":72,"column":4},"end":{"line":72,"column":11}},"55":{"start":{"line":77,"column":0},"end":{"line":85,"column":3}},"56":{"start":{"line":79,"column":20},"end":{"line":79,"column":84}},"57":{"start":{"line":80,"column":4},"end":{"line":81,"column":15}},"58":{"start":{"line":81,"column":8},"end":{"line":81,"column":15}},"59":{"start":{"line":83,"column":4},"end":{"line":83,"column":72}},"60":{"start":{"line":84,"column":4},"end":{"line":84,"column":11}}},"fnMap":{"0":{"name":"(anonymous_0)","decl":{"start":{"line":2,"column":74},"end":{"line":2,"column":75}},"loc":{"start":{"line":2,"column":96},"end":{"line":9,"column":1}},"line":2},"1":{"name":"(anonymous_1)","decl":{"start":{"line":6,"column":38},"end":{"line":6,"column":39}},"loc":{"start":{"line":6,"column":49},"end":{"line":6,"column":65}},"line":6},"2":{"name":"(anonymous_2)","decl":{"start":{"line":9,"column":6},"end":{"line":9,"column":7}},"loc":{"start":{"line":9,"column":28},"end":{"line":12,"column":1}},"line":9},"3":{"name":"(anonymous_3)","decl":{"start":{"line":13,"column":80},"end":{"line":13,"column":81}},"loc":{"start":{"line":13,"column":95},"end":{"line":15,"column":1}},"line":13},"4":{"name":"(anonymous_4)","decl":{"start":{"line":15,"column":5},"end":{"line":15,"column":6}},"loc":{"start":{"line":15,"column":20},"end":{"line":17,"column":1}},"line":15},"5":{"name":"(anonymous_5)","decl":{"start":{"line":18,"column":51},"end":{"line":18,"column":52}},"loc":{"start":{"line":18,"column":63},"end":{"line":34,"column":1}},"line":18},"6":{"name":"(anonymous_6)","decl":{"start":{"line":19,"column":18},"end":{"line":19,"column":19}},"loc":{"start":{"line":19,"column":30},"end":{"line":26,"column":5}},"line":19},"7":{"name":"(anonymous_7)","decl":{"start":{"line":20,"column":48},"end":{"line":20,"column":49}},"loc":{"start":{"line":20,"column":61},"end":{"line":24,"column":9}},"line":20},"8":{"name":"(anonymous_8)","decl":{"start":{"line":27,"column":11},"end":{"line":27,"column":12}},"loc":{"start":{"line":27,"column":26},"end":{"line":33,"column":5}},"line":27},"9":{"name":"(anonymous_9)","decl":{"start":{"line":43,"column":117},"end":{"line":43,"column":118}},"loc":{"start":{"line":43,"column":134},"end":{"line":73,"column":1}},"line":43},"10":{"name":"(anonymous_10)","decl":{"start":{"line":77,"column":105},"end":{"line":77,"column":106}},"loc":{"start":{"line":77,"column":122},"end":{"line":85,"column":1}},"line":77}},"branchMap":{"0":{"loc":{"start":{"line":2,"column":22},"end":{"line":12,"column":3}},"type":"binary-expr","locations":[{"start":{"line":2,"column":23},"end":{"line":2,"column":27}},{"start":{"line":2,"column":31},"end":{"line":2,"column":51}},{"start":{"line":2,"column":57},"end":{"line":12,"column":2}}],"line":2},"1":{"loc":{"start":{"line":2,"column":57},"end":{"line":12,"column":2}},"type":"cond-expr","locations":[{"start":{"line":2,"column":74},"end":{"line":9,"column":1}},{"start":{"line":9,"column":6},"end":{"line":12,"column":1}}],"line":2},"2":{"loc":{"start":{"line":3,"column":4},"end":{"line":3,"column":33}},"type":"if","locations":[{"start":{"line":3,"column":4},"end":{"line":3,"column":33}},{"start":{},"end":{}}],"line":3},"3":{"loc":{"start":{"line":5,"column":4},"end":{"line":7,"column":5}},"type":"if","locations":[{"start":{"line":5,"column":4},"end":{"line":7,"column":5}},{"start":{},"end":{}}],"line":5},"4":{"loc":{"start":{"line":5,"column":8},"end":{"line":5,"column":85}},"type":"binary-expr","locations":[{"start":{"line":5,"column":8},"end":{"line":5,"column":13}},{"start":{"line":5,"column":18},"end":{"line":5,"column":84}}],"line":5},"5":{"loc":{"start":{"line":5,"column":18},"end":{"line":5,"column":84}},"type":"cond-expr","locations":[{"start":{"line":5,"column":34},"end":{"line":5,"column":47}},{"start":{"line":5,"column":50},"end":{"line":5,"column":84}}],"line":5},"6":{"loc":{"start":{"line":5,"column":50},"end":{"line":5,"column":84}},"type":"binary-expr","locations":[{"start":{"line":5,"column":50},"end":{"line":5,"column":63}},{"start":{"line":5,"column":67},"end":{"line":5,"column":84}}],"line":5},"7":{"loc":{"start":{"line":10,"column":4},"end":{"line":10,"column":33}},"type":"if","locations":[{"start":{"line":10,"column":4},"end":{"line":10,"column":33}},{"start":{},"end":{}}],"line":10},"8":{"loc":{"start":{"line":13,"column":25},"end":{"line":17,"column":2}},"type":"binary-expr","locations":[{"start":{"line":13,"column":26},"end":{"line":13,"column":30}},{"start":{"line":13,"column":34},"end":{"line":13,"column":57}},{"start":{"line":13,"column":63},"end":{"line":17,"column":1}}],"line":13},"9":{"loc":{"start":{"line":13,"column":63},"end":{"line":17,"column":1}},"type":"cond-expr","locations":[{"start":{"line":13,"column":80},"end":{"line":15,"column":1}},{"start":{"line":15,"column":5},"end":{"line":17,"column":1}}],"line":13},"10":{"loc":{"start":{"line":18,"column":19},"end":{"line":34,"column":4}},"type":"binary-expr","locations":[{"start":{"line":18,"column":20},"end":{"line":18,"column":24}},{"start":{"line":18,"column":28},"end":{"line":18,"column":45}},{"start":{"line":18,"column":50},"end":{"line":34,"column":4}}],"line":18},"11":{"loc":{"start":{"line":20,"column":18},"end":{"line":24,"column":9}},"type":"binary-expr","locations":[{"start":{"line":20,"column":18},"end":{"line":20,"column":44}},{"start":{"line":20,"column":48},"end":{"line":24,"column":9}}],"line":20},"12":{"loc":{"start":{"line":22,"column":29},"end":{"line":22,"column":95}},"type":"if","locations":[{"start":{"line":22,"column":29},"end":{"line":22,"column":95}},{"start":{},"end":{}}],"line":22},"13":{"loc":{"start":{"line":28,"column":8},"end":{"line":28,"column":46}},"type":"if","locations":[{"start":{"line":28,"column":8},"end":{"line":28,"column":46}},{"start":{},"end":{}}],"line":28},"14":{"loc":{"start":{"line":28,"column":12},"end":{"line":28,"column":33}},"type":"binary-expr","locations":[{"start":{"line":28,"column":12},"end":{"line":28,"column":15}},{"start":{"line":28,"column":19},"end":{"line":28,"column":33}}],"line":28},"15":{"loc":{"start":{"line":30,"column":8},"end":{"line":30,"column":137}},"type":"if","locations":[{"start":{"line":30,"column":8},"end":{"line":30,"column":137}},{"start":{},"end":{}}],"line":30},"16":{"loc":{"start":{"line":30,"column":78},"end":{"line":30,"column":137}},"type":"if","locations":[{"start":{"line":30,"column":78},"end":{"line":30,"column":137}},{"start":{},"end":{}}],"line":30},"17":{"loc":{"start":{"line":46,"column":19},"end":{"line":46,"column":90}},"type":"cond-expr","locations":[{"start":{"line":46,"column":65},"end":{"line":46,"column":71}},{"start":{"line":46,"column":74},"end":{"line":46,"column":90}}],"line":46},"18":{"loc":{"start":{"line":46,"column":19},"end":{"line":46,"column":62}},"type":"binary-expr","locations":[{"start":{"line":46,"column":19},"end":{"line":46,"column":45}},{"start":{"line":46,"column":49},"end":{"line":46,"column":62}}],"line":46},"19":{"loc":{"start":{"line":47,"column":18},"end":{"line":47,"column":88}},"type":"cond-expr","locations":[{"start":{"line":47,"column":64},"end":{"line":47,"column":70}},{"start":{"line":47,"column":73},"end":{"line":47,"column":88}}],"line":47},"20":{"loc":{"start":{"line":47,"column":18},"end":{"line":47,"column":61}},"type":"binary-expr","locations":[{"start":{"line":47,"column":18},"end":{"line":47,"column":44}},{"start":{"line":47,"column":48},"end":{"line":47,"column":61}}],"line":47},"21":{"loc":{"start":{"line":48,"column":4},"end":{"line":71,"column":5}},"type":"if","locations":[{"start":{"line":48,"column":4},"end":{"line":71,"column":5}},{"start":{"line":60,"column":9},"end":{"line":71,"column":5}}],"line":48},"22":{"loc":{"start":{"line":48,"column":8},"end":{"line":48,"column":24}},"type":"binary-expr","locations":[{"start":{"line":48,"column":8},"end":{"line":48,"column":15}},{"start":{"line":48,"column":19},"end":{"line":48,"column":24}}],"line":48},"23":{"loc":{"start":{"line":60,"column":9},"end":{"line":71,"column":5}},"type":"if","locations":[{"start":{"line":60,"column":9},"end":{"line":71,"column":5}},{"start":{},"end":{}}],"line":60},"24":{"loc":{"start":{"line":60,"column":13},"end":{"line":60,"column":29}},"type":"binary-expr","locations":[{"start":{"line":60,"column":13},"end":{"line":60,"column":19}},{"start":{"line":60,"column":23},"end":{"line":60,"column":29}}],"line":60},"25":{"loc":{"start":{"line":79,"column":20},"end":{"line":79,"column":84}},"type":"cond-expr","locations":[{"start":{"line":79,"column":66},"end":{"line":79,"column":72}},{"start":{"line":79,"column":75},"end":{"line":79,"column":84}}],"line":79},"26":{"loc":{"start":{"line":79,"column":20},"end":{"line":79,"column":63}},"type":"binary-expr","locations":[{"start":{"line":79,"column":20},"end":{"line":79,"column":46}},{"start":{"line":79,"column":50},"end":{"line":79,"column":63}}],"line":79},"27":{"loc":{"start":{"line":80,"column":4},"end":{"line":81,"column":15}},"type":"if","locations":[{"start":{"line":80,"column":4},"end":{"line":81,"column":15}},{"start":{},"end":{}}],"line":80}},"s":{"0":1,"1":0,"2":0,"3":0,"4":0,"5":0,"6":0,"7":0,"8":0,"9":0,"10":0,"11":1,"12":0,"13":0,"14":1,"15":1,"16":0,"17":0,"18":0,"19":0,"20":0,"21":0,"22":0,"23":1,"24":1,"25":1,"26":0,"27":0,"28":0,"29":0,"30":0,"31":0,"32":0,"33":0,"34":0,"35":1,"36":1,"37":1,"38":1,"39":1,"40":1,"41":0,"42":0,"43":0,"44":0,"45":0,"46":0,"47":0,"48":0,"49":0,"50":0,"51":0,"52":0,"53":0,"54":0,"55":1,"56":0,"57":0,"58":0,"59":0,"60":0},"f":{"0":0,"1":0,"2":0,"3":0,"4":0,"5":1,"6":0,"7":0,"8":1,"9":0,"10":0},"b":{"0":[1,1,1],"1":[1,0],"2":[0,0],"3":[0,0],"4":[0,0],"5":[0,0],"6":[0,0],"7":[0,0],"8":[1,1,1],"9":[1,0],"10":[1,1,1],"11":[0,0],"12":[0,0],"13":[1,0],"14":[1,1],"15":[0,0],"16":[0,0],"17":[0,0],"18":[0,0],"19":[0,0],"20":[0,0],"21":[0,0],"22":[0,0],"23":[0,0],"24":[0,0],"25":[0,0],"26":[0,0],"27":[0,0]},"inputSourceMap":null,"_coverageSchema":"1a1c01bbd47fc00a2c39e90264f33305004495a9","hash":"2a34ca499224a24b01a1e9d75272ddd181be9e86"}
,"C:\\Users\\HP\\Downloads\\emerge_app\\functions\\lib\\cleanupUserData.js": {"path":"C:\\Users\\HP\\Downloads\\emerge_app\\functions\\lib\\cleanupUserData.js","statementMap":{"0":{"start":{"line":2,"column":22},"end":{"line":12,"column":3}},"1":{"start":{"line":3,"column":4},"end":{"line":3,"column":33}},"2":{"start":{"line":3,"column":26},"end":{"line":3,"column":33}},"3":{"start":{"line":4,"column":15},"end":{"line":4,"column":52}},"4":{"start":{"line":5,"column":4},"end":{"line":7,"column":5}},"5":{"start":{"line":6,"column":6},"end":{"line":6,"column":68}},"6":{"start":{"line":6,"column":51},"end":{"line":6,"column":63}},"7":{"start":{"line":8,"column":4},"end":{"line":8,"column":39}},"8":{"start":{"line":10,"column":4},"end":{"line":10,"column":33}},"9":{"start":{"line":10,"column":26},"end":{"line":10,"column":33}},"10":{"start":{"line":11,"column":4},"end":{"line":11,"column":17}},"11":{"start":{"line":13,"column":25},"end":{"line":17,"column":2}},"12":{"start":{"line":14,"column":4},"end":{"line":14,"column":72}},"13":{"start":{"line":16,"column":4},"end":{"line":16,"column":21}},"14":{"start":{"line":18,"column":19},"end":{"line":34,"column":4}},"15":{"start":{"line":19,"column":18},"end":{"line":26,"column":5}},"16":{"start":{"line":20,"column":8},"end":{"line":24,"column":10}},"17":{"start":{"line":21,"column":21},"end":{"line":21,"column":23}},"18":{"start":{"line":22,"column":12},"end":{"line":22,"column":95}},"19":{"start":{"line":22,"column":29},"end":{"line":22,"column":95}},"20":{"start":{"line":22,"column":77},"end":{"line":22,"column":95}},"21":{"start":{"line":23,"column":12},"end":{"line":23,"column":22}},"22":{"start":{"line":25,"column":8},"end":{"line":25,"column":26}},"23":{"start":{"line":27,"column":4},"end":{"line":33,"column":6}},"24":{"start":{"line":28,"column":8},"end":{"line":28,"column":46}},"25":{"start":{"line":28,"column":35},"end":{"line":28,"column":46}},"26":{"start":{"line":29,"column":21},"end":{"line":29,"column":23}},"27":{"start":{"line":30,"column":8},"end":{"line":30,"column":137}},"28":{"start":{"line":30,"column":25},"end":{"line":30,"column":137}},"29":{"start":{"line":30,"column":38},"end":{"line":30,"column":50}},"30":{"start":{"line":30,"column":56},"end":{"line":30,"column":57}},"31":{"start":{"line":30,"column":78},"end":{"line":30,"column":137}},"32":{"start":{"line":30,"column":102},"end":{"line":30,"column":137}},"33":{"start":{"line":31,"column":8},"end":{"line":31,"column":40}},"34":{"start":{"line":32,"column":8},"end":{"line":32,"column":22}},"35":{"start":{"line":35,"column":0},"end":{"line":35,"column":62}},"36":{"start":{"line":36,"column":0},"end":{"line":36,"column":33}},"37":{"start":{"line":37,"column":16},"end":{"line":37,"column":54}},"38":{"start":{"line":38,"column":14},"end":{"line":38,"column":53}},"39":{"start":{"line":39,"column":0},"end":{"line":41,"column":1}},"40":{"start":{"line":40,"column":4},"end":{"line":40,"column":26}},"41":{"start":{"line":42,"column":11},"end":{"line":42,"column":28}},"42":{"start":{"line":50,"column":0},"end":{"line":178,"column":3}},"43":{"start":{"line":51,"column":4},"end":{"line":53,"column":5}},"44":{"start":{"line":52,"column":8},"end":{"line":52,"column":105}},"45":{"start":{"line":54,"column":16},"end":{"line":54,"column":32}},"46":{"start":{"line":55,"column":4},"end":{"line":55,"column":69}},"47":{"start":{"line":60,"column":4},"end":{"line":60,"column":62}},"48":{"start":{"line":62,"column":4},"end":{"line":62,"column":67}},"49":{"start":{"line":64,"column":4},"end":{"line":64,"column":76}},"50":{"start":{"line":66,"column":4},"end":{"line":66,"column":72}},"51":{"start":{"line":68,"column":23},"end":{"line":71,"column":14}},"52":{"start":{"line":72,"column":4},"end":{"line":76,"column":5}},"53":{"start":{"line":73,"column":22},"end":{"line":73,"column":32}},"54":{"start":{"line":74,"column":8},"end":{"line":74,"column":64}},"55":{"start":{"line":74,"column":41},"end":{"line":74,"column":62}},"56":{"start":{"line":75,"column":8},"end":{"line":75,"column":29}},"57":{"start":{"line":78,"column":25},"end":{"line":81,"column":14}},"58":{"start":{"line":82,"column":4},"end":{"line":86,"column":5}},"59":{"start":{"line":83,"column":22},"end":{"line":83,"column":32}},"60":{"start":{"line":84,"column":8},"end":{"line":84,"column":66}},"61":{"start":{"line":84,"column":43},"end":{"line":84,"column":64}},"62":{"start":{"line":85,"column":8},"end":{"line":85,"column":29}},"63":{"start":{"line":88,"column":23},"end":{"line":91,"column":14}},"64":{"start":{"line":92,"column":4},"end":{"line":96,"column":5}},"65":{"start":{"line":93,"column":22},"end":{"line":93,"column":32}},"66":{"start":{"line":94,"column":8},"end":{"line":94,"column":64}},"67":{"start":{"line":94,"column":41},"end":{"line":94,"column":62}},"68":{"start":{"line":95,"column":8},"end":{"line":95,"column":29}},"69":{"start":{"line":98,"column":23},"end":{"line":101,"column":14}},"70":{"start":{"line":102,"column":4},"end":{"line":111,"column":5}},"71":{"start":{"line":103,"column":22},"end":{"line":103,"column":32}},"72":{"start":{"line":104,"column":8},"end":{"line":109,"column":11}},"73":{"start":{"line":105,"column":12},"end":{"line":108,"column":15}},"74":{"start":{"line":110,"column":8},"end":{"line":110,"column":29}},"75":{"start":{"line":113,"column":23},"end":{"line":115,"column":14}},"76":{"start":{"line":116,"column":4},"end":{"line":120,"column":5}},"77":{"start":{"line":117,"column":22},"end":{"line":117,"column":32}},"78":{"start":{"line":118,"column":8},"end":{"line":118,"column":64}},"79":{"start":{"line":118,"column":41},"end":{"line":118,"column":62}},"80":{"start":{"line":119,"column":8},"end":{"line":119,"column":29}},"81":{"start":{"line":122,"column":23},"end":{"line":124,"column":14}},"82":{"start":{"line":125,"column":4},"end":{"line":129,"column":5}},"83":{"start":{"line":126,"column":22},"end":{"line":126,"column":32}},"84":{"start":{"line":127,"column":8},"end":{"line":127,"column":64}},"85":{"start":{"line":127,"column":41},"end":{"line":127,"column":62}},"86":{"start":{"line":128,"column":8},"end":{"line":128,"column":29}},"87":{"start":{"line":131,"column":4},"end":{"line":138,"column":5}},"88":{"start":{"line":132,"column":21},"end":{"line":132,"column":83}},"89":{"start":{"line":133,"column":8},"end":{"line":137,"column":9}},"90":{"start":{"line":134,"column":26},"end":{"line":134,"column":36}},"91":{"start":{"line":135,"column":12},"end":{"line":135,"column":62}},"92":{"start":{"line":135,"column":39},"end":{"line":135,"column":60}},"93":{"start":{"line":136,"column":12},"end":{"line":136,"column":33}},"94":{"start":{"line":140,"column":4},"end":{"line":147,"column":5}},"95":{"start":{"line":141,"column":21},"end":{"line":141,"column":90}},"96":{"start":{"line":142,"column":8},"end":{"line":146,"column":9}},"97":{"start":{"line":143,"column":26},"end":{"line":143,"column":36}},"98":{"start":{"line":144,"column":12},"end":{"line":144,"column":62}},"99":{"start":{"line":144,"column":39},"end":{"line":144,"column":60}},"100":{"start":{"line":145,"column":12},"end":{"line":145,"column":33}},"101":{"start":{"line":149,"column":20},"end":{"line":152,"column":14}},"102":{"start":{"line":153,"column":4},"end":{"line":157,"column":5}},"103":{"start":{"line":154,"column":22},"end":{"line":154,"column":32}},"104":{"start":{"line":155,"column":8},"end":{"line":155,"column":61}},"105":{"start":{"line":155,"column":38},"end":{"line":155,"column":59}},"106":{"start":{"line":156,"column":8},"end":{"line":156,"column":29}},"107":{"start":{"line":159,"column":19},"end":{"line":162,"column":14}},"108":{"start":{"line":163,"column":4},"end":{"line":167,"column":5}},"109":{"start":{"line":164,"column":22},"end":{"line":164,"column":32}},"110":{"start":{"line":165,"column":8},"end":{"line":165,"column":60}},"111":{"start":{"line":165,"column":37},"end":{"line":165,"column":58}},"112":{"start":{"line":166,"column":8},"end":{"line":166,"column":29}},"113":{"start":{"line":169,"column":4},"end":{"line":175,"column":5}},"114":{"start":{"line":170,"column":8},"end":{"line":170,"column":43}},"115":{"start":{"line":173,"column":8},"end":{"line":173,"column":86}},"116":{"start":{"line":176,"column":4},"end":{"line":176,"column":69}},"117":{"start":{"line":177,"column":4},"end":{"line":177,"column":29}}},"fnMap":{"0":{"name":"(anonymous_0)","decl":{"start":{"line":2,"column":74},"end":{"line":2,"column":75}},"loc":{"start":{"line":2,"column":96},"end":{"line":9,"column":1}},"line":2},"1":{"name":"(anonymous_1)","decl":{"start":{"line":6,"column":38},"end":{"line":6,"column":39}},"loc":{"start":{"line":6,"column":49},"end":{"line":6,"column":65}},"line":6},"2":{"name":"(anonymous_2)","decl":{"start":{"line":9,"column":6},"end":{"line":9,"column":7}},"loc":{"start":{"line":9,"column":28},"end":{"line":12,"column":1}},"line":9},"3":{"name":"(anonymous_3)","decl":{"start":{"line":13,"column":80},"end":{"line":13,"column":81}},"loc":{"start":{"line":13,"column":95},"end":{"line":15,"column":1}},"line":13},"4":{"name":"(anonymous_4)","decl":{"start":{"line":15,"column":5},"end":{"line":15,"column":6}},"loc":{"start":{"line":15,"column":20},"end":{"line":17,"column":1}},"line":15},"5":{"name":"(anonymous_5)","decl":{"start":{"line":18,"column":51},"end":{"line":18,"column":52}},"loc":{"start":{"line":18,"column":63},"end":{"line":34,"column":1}},"line":18},"6":{"name":"(anonymous_6)","decl":{"start":{"line":19,"column":18},"end":{"line":19,"column":19}},"loc":{"start":{"line":19,"column":30},"end":{"line":26,"column":5}},"line":19},"7":{"name":"(anonymous_7)","decl":{"start":{"line":20,"column":48},"end":{"line":20,"column":49}},"loc":{"start":{"line":20,"column":61},"end":{"line":24,"column":9}},"line":20},"8":{"name":"(anonymous_8)","decl":{"start":{"line":27,"column":11},"end":{"line":27,"column":12}},"loc":{"start":{"line":27,"column":26},"end":{"line":33,"column":5}},"line":27},"9":{"name":"(anonymous_9)","decl":{"start":{"line":50,"column":46},"end":{"line":50,"column":47}},"loc":{"start":{"line":50,"column":65},"end":{"line":178,"column":1}},"line":50},"10":{"name":"(anonymous_10)","decl":{"start":{"line":64,"column":65},"end":{"line":64,"column":66}},"loc":{"start":{"line":64,"column":71},"end":{"line":64,"column":74}},"line":64},"11":{"name":"(anonymous_11)","decl":{"start":{"line":66,"column":61},"end":{"line":66,"column":62}},"loc":{"start":{"line":66,"column":67},"end":{"line":66,"column":70}},"line":66},"12":{"name":"(anonymous_12)","decl":{"start":{"line":74,"column":32},"end":{"line":74,"column":33}},"loc":{"start":{"line":74,"column":41},"end":{"line":74,"column":62}},"line":74},"13":{"name":"(anonymous_13)","decl":{"start":{"line":84,"column":34},"end":{"line":84,"column":35}},"loc":{"start":{"line":84,"column":43},"end":{"line":84,"column":64}},"line":84},"14":{"name":"(anonymous_14)","decl":{"start":{"line":94,"column":32},"end":{"line":94,"column":33}},"loc":{"start":{"line":94,"column":41},"end":{"line":94,"column":62}},"line":94},"15":{"name":"(anonymous_15)","decl":{"start":{"line":104,"column":32},"end":{"line":104,"column":33}},"loc":{"start":{"line":104,"column":41},"end":{"line":109,"column":9}},"line":104},"16":{"name":"(anonymous_16)","decl":{"start":{"line":118,"column":32},"end":{"line":118,"column":33}},"loc":{"start":{"line":118,"column":41},"end":{"line":118,"column":62}},"line":118},"17":{"name":"(anonymous_17)","decl":{"start":{"line":127,"column":32},"end":{"line":127,"column":33}},"loc":{"start":{"line":127,"column":41},"end":{"line":127,"column":62}},"line":127},"18":{"name":"(anonymous_18)","decl":{"start":{"line":135,"column":30},"end":{"line":135,"column":31}},"loc":{"start":{"line":135,"column":39},"end":{"line":135,"column":60}},"line":135},"19":{"name":"(anonymous_19)","decl":{"start":{"line":144,"column":30},"end":{"line":144,"column":31}},"loc":{"start":{"line":144,"column":39},"end":{"line":144,"column":60}},"line":144},"20":{"name":"(anonymous_20)","decl":{"start":{"line":155,"column":29},"end":{"line":155,"column":30}},"loc":{"start":{"line":155,"column":38},"end":{"line":155,"column":59}},"line":155},"21":{"name":"(anonymous_21)","decl":{"start":{"line":165,"column":28},"end":{"line":165,"column":29}},"loc":{"start":{"line":165,"column":37},"end":{"line":165,"column":58}},"line":165}},"branchMap":{"0":{"loc":{"start":{"line":2,"column":22},"end":{"line":12,"column":3}},"type":"binary-expr","locations":[{"start":{"line":2,"column":23},"end":{"line":2,"column":27}},{"start":{"line":2,"column":31},"end":{"line":2,"column":51}},{"start":{"line":2,"column":57},"end":{"line":12,"column":2}}],"line":2},"1":{"loc":{"start":{"line":2,"column":57},"end":{"line":12,"column":2}},"type":"cond-expr","locations":[{"start":{"line":2,"column":74},"end":{"line":9,"column":1}},{"start":{"line":9,"column":6},"end":{"line":12,"column":1}}],"line":2},"2":{"loc":{"start":{"line":3,"column":4},"end":{"line":3,"column":33}},"type":"if","locations":[{"start":{"line":3,"column":4},"end":{"line":3,"column":33}},{"start":{},"end":{}}],"line":3},"3":{"loc":{"start":{"line":5,"column":4},"end":{"line":7,"column":5}},"type":"if","locations":[{"start":{"line":5,"column":4},"end":{"line":7,"column":5}},{"start":{},"end":{}}],"line":5},"4":{"loc":{"start":{"line":5,"column":8},"end":{"line":5,"column":85}},"type":"binary-expr","locations":[{"start":{"line":5,"column":8},"end":{"line":5,"column":13}},{"start":{"line":5,"column":18},"end":{"line":5,"column":84}}],"line":5},"5":{"loc":{"start":{"line":5,"column":18},"end":{"line":5,"column":84}},"type":"cond-expr","locations":[{"start":{"line":5,"column":34},"end":{"line":5,"column":47}},{"start":{"line":5,"column":50},"end":{"line":5,"column":84}}],"line":5},"6":{"loc":{"start":{"line":5,"column":50},"end":{"line":5,"column":84}},"type":"binary-expr","locations":[{"start":{"line":5,"column":50},"end":{"line":5,"column":63}},{"start":{"line":5,"column":67},"end":{"line":5,"column":84}}],"line":5},"7":{"loc":{"start":{"line":10,"column":4},"end":{"line":10,"column":33}},"type":"if","locations":[{"start":{"line":10,"column":4},"end":{"line":10,"column":33}},{"start":{},"end":{}}],"line":10},"8":{"loc":{"start":{"line":13,"column":25},"end":{"line":17,"column":2}},"type":"binary-expr","locations":[{"start":{"line":13,"column":26},"end":{"line":13,"column":30}},{"start":{"line":13,"column":34},"end":{"line":13,"column":57}},{"start":{"line":13,"column":63},"end":{"line":17,"column":1}}],"line":13},"9":{"loc":{"start":{"line":13,"column":63},"end":{"line":17,"column":1}},"type":"cond-expr","locations":[{"start":{"line":13,"column":80},"end":{"line":15,"column":1}},{"start":{"line":15,"column":5},"end":{"line":17,"column":1}}],"line":13},"10":{"loc":{"start":{"line":18,"column":19},"end":{"line":34,"column":4}},"type":"binary-expr","locations":[{"start":{"line":18,"column":20},"end":{"line":18,"column":24}},{"start":{"line":18,"column":28},"end":{"line":18,"column":45}},{"start":{"line":18,"column":50},"end":{"line":34,"column":4}}],"line":18},"11":{"loc":{"start":{"line":20,"column":18},"end":{"line":24,"column":9}},"type":"binary-expr","locations":[{"start":{"line":20,"column":18},"end":{"line":20,"column":44}},{"start":{"line":20,"column":48},"end":{"line":24,"column":9}}],"line":20},"12":{"loc":{"start":{"line":22,"column":29},"end":{"line":22,"column":95}},"type":"if","locations":[{"start":{"line":22,"column":29},"end":{"line":22,"column":95}},{"start":{},"end":{}}],"line":22},"13":{"loc":{"start":{"line":28,"column":8},"end":{"line":28,"column":46}},"type":"if","locations":[{"start":{"line":28,"column":8},"end":{"line":28,"column":46}},{"start":{},"end":{}}],"line":28},"14":{"loc":{"start":{"line":28,"column":12},"end":{"line":28,"column":33}},"type":"binary-expr","locations":[{"start":{"line":28,"column":12},"end":{"line":28,"column":15}},{"start":{"line":28,"column":19},"end":{"line":28,"column":33}}],"line":28},"15":{"loc":{"start":{"line":30,"column":8},"end":{"line":30,"column":137}},"type":"if","locations":[{"start":{"line":30,"column":8},"end":{"line":30,"column":137}},{"start":{},"end":{}}],"line":30},"16":{"loc":{"start":{"line":30,"column":78},"end":{"line":30,"column":137}},"type":"if","locations":[{"start":{"line":30,"column":78},"end":{"line":30,"column":137}},{"start":{},"end":{}}],"line":30},"17":{"loc":{"start":{"line":39,"column":0},"end":{"line":41,"column":1}},"type":"if","locations":[{"start":{"line":39,"column":0},"end":{"line":41,"column":1}},{"start":{},"end":{}}],"line":39},"18":{"loc":{"start":{"line":51,"column":4},"end":{"line":53,"column":5}},"type":"if","locations":[{"start":{"line":51,"column":4},"end":{"line":53,"column":5}},{"start":{},"end":{}}],"line":51},"19":{"loc":{"start":{"line":72,"column":4},"end":{"line":76,"column":5}},"type":"if","locations":[{"start":{"line":72,"column":4},"end":{"line":76,"column":5}},{"start":{},"end":{}}],"line":72},"20":{"loc":{"start":{"line":82,"column":4},"end":{"line":86,"column":5}},"type":"if","locations":[{"start":{"line":82,"column":4},"end":{"line":86,"column":5}},{"start":{},"end":{}}],"line":82},"21":{"loc":{"start":{"line":92,"column":4},"end":{"line":96,"column":5}},"type":"if","locations":[{"start":{"line":92,"column":4},"end":{"line":96,"column":5}},{"start":{},"end":{}}],"line":92},"22":{"loc":{"start":{"line":102,"column":4},"end":{"line":111,"column":5}},"type":"if","locations":[{"start":{"line":102,"column":4},"end":{"line":111,"column":5}},{"start":{},"end":{}}],"line":102},"23":{"loc":{"start":{"line":116,"column":4},"end":{"line":120,"column":5}},"type":"if","locations":[{"start":{"line":116,"column":4},"end":{"line":120,"column":5}},{"start":{},"end":{}}],"line":116},"24":{"loc":{"start":{"line":125,"column":4},"end":{"line":129,"column":5}},"type":"if","locations":[{"start":{"line":125,"column":4},"end":{"line":129,"column":5}},{"start":{},"end":{}}],"line":125},"25":{"loc":{"start":{"line":133,"column":8},"end":{"line":137,"column":9}},"type":"if","locations":[{"start":{"line":133,"column":8},"end":{"line":137,"column":9}},{"start":{},"end":{}}],"line":133},"26":{"loc":{"start":{"line":142,"column":8},"end":{"line":146,"column":9}},"type":"if","locations":[{"start":{"line":142,"column":8},"end":{"line":146,"column":9}},{"start":{},"end":{}}],"line":142},"27":{"loc":{"start":{"line":153,"column":4},"end":{"line":157,"column":5}},"type":"if","locations":[{"start":{"line":153,"column":4},"end":{"line":157,"column":5}},{"start":{},"end":{}}],"line":153},"28":{"loc":{"start":{"line":163,"column":4},"end":{"line":167,"column":5}},"type":"if","locations":[{"start":{"line":163,"column":4},"end":{"line":167,"column":5}},{"start":{},"end":{}}],"line":163}},"s":{"0":1,"1":0,"2":0,"3":0,"4":0,"5":0,"6":0,"7":0,"8":0,"9":0,"10":0,"11":1,"12":0,"13":0,"14":1,"15":1,"16":0,"17":0,"18":0,"19":0,"20":0,"21":0,"22":0,"23":1,"24":1,"25":1,"26":0,"27":0,"28":0,"29":0,"30":0,"31":0,"32":0,"33":0,"34":0,"35":1,"36":1,"37":1,"38":1,"39":1,"40":0,"41":1,"42":1,"43":0,"44":0,"45":0,"46":0,"47":0,"48":0,"49":0,"50":0,"51":0,"52":0,"53":0,"54":0,"55":0,"56":0,"57":0,"58":0,"59":0,"60":0,"61":0,"62":0,"63":0,"64":0,"65":0,"66":0,"67":0,"68":0,"69":0,"70":0,"71":0,"72":0,"73":0,"74":0,"75":0,"76":0,"77":0,"78":0,"79":0,"80":0,"81":0,"82":0,"83":0,"84":0,"85":0,"86":0,"87":0,"88":0,"89":0,"90":0,"91":0,"92":0,"93":0,"94":0,"95":0,"96":0,"97":0,"98":0,"99":0,"100":0,"101":0,"102":0,"103":0,"104":0,"105":0,"106":0,"107":0,"108":0,"109":0,"110":0,"111":0,"112":0,"113":0,"114":0,"115":0,"116":0,"117":0},"f":{"0":0,"1":0,"2":0,"3":0,"4":0,"5":1,"6":0,"7":0,"8":1,"9":0,"10":0,"11":0,"12":0,"13":0,"14":0,"15":0,"16":0,"17":0,"18":0,"19":0,"20":0,"21":0},"b":{"0":[1,1,1],"1":[1,0],"2":[0,0],"3":[0,0],"4":[0,0],"5":[0,0],"6":[0,0],"7":[0,0],"8":[1,1,1],"9":[1,0],"10":[1,1,1],"11":[0,0],"12":[0,0],"13":[1,0],"14":[1,1],"15":[0,0],"16":[0,0],"17":[0,1],"18":[0,0],"19":[0,0],"20":[0,0],"21":[0,0],"22":[0,0],"23":[0,0],"24":[0,0],"25":[0,0],"26":[0,0],"27":[0,0],"28":[0,0]},"inputSourceMap":null,"_coverageSchema":"1a1c01bbd47fc00a2c39e90264f33305004495a9","hash":"1b4a15ca9a2f5841dcb44b5cf5c7eba47f465c6b"}
,"C:\\Users\\HP\\Downloads\\emerge_app\\functions\\lib\\habit_notifications.js": {"path":"C:\\Users\\HP\\Downloads\\emerge_app\\functions\\lib\\habit_notifications.js","statementMap":{"0":{"start":{"line":16,"column":22},"end":{"line":26,"column":3}},"1":{"start":{"line":17,"column":4},"end":{"line":17,"column":33}},"2":{"start":{"line":17,"column":26},"end":{"line":17,"column":33}},"3":{"start":{"line":18,"column":15},"end":{"line":18,"column":52}},"4":{"start":{"line":19,"column":4},"end":{"line":21,"column":5}},"5":{"start":{"line":20,"column":6},"end":{"line":20,"column":68}},"6":{"start":{"line":20,"column":51},"end":{"line":20,"column":63}},"7":{"start":{"line":22,"column":4},"end":{"line":22,"column":39}},"8":{"start":{"line":24,"column":4},"end":{"line":24,"column":33}},"9":{"start":{"line":24,"column":26},"end":{"line":24,"column":33}},"10":{"start":{"line":25,"column":4},"end":{"line":25,"column":17}},"11":{"start":{"line":27,"column":25},"end":{"line":31,"column":2}},"12":{"start":{"line":28,"column":4},"end":{"line":28,"column":72}},"13":{"start":{"line":30,"column":4},"end":{"line":30,"column":21}},"14":{"start":{"line":32,"column":19},"end":{"line":48,"column":4}},"15":{"start":{"line":33,"column":18},"end":{"line":40,"column":5}},"16":{"start":{"line":34,"column":8},"end":{"line":38,"column":10}},"17":{"start":{"line":35,"column":21},"end":{"line":35,"column":23}},"18":{"start":{"line":36,"column":12},"end":{"line":36,"column":95}},"19":{"start":{"line":36,"column":29},"end":{"line":36,"column":95}},"20":{"start":{"line":36,"column":77},"end":{"line":36,"column":95}},"21":{"start":{"line":37,"column":12},"end":{"line":37,"column":22}},"22":{"start":{"line":39,"column":8},"end":{"line":39,"column":26}},"23":{"start":{"line":41,"column":4},"end":{"line":47,"column":6}},"24":{"start":{"line":42,"column":8},"end":{"line":42,"column":46}},"25":{"start":{"line":42,"column":35},"end":{"line":42,"column":46}},"26":{"start":{"line":43,"column":21},"end":{"line":43,"column":23}},"27":{"start":{"line":44,"column":8},"end":{"line":44,"column":137}},"28":{"start":{"line":44,"column":25},"end":{"line":44,"column":137}},"29":{"start":{"line":44,"column":38},"end":{"line":44,"column":50}},"30":{"start":{"line":44,"column":56},"end":{"line":44,"column":57}},"31":{"start":{"line":44,"column":78},"end":{"line":44,"column":137}},"32":{"start":{"line":44,"column":102},"end":{"line":44,"column":137}},"33":{"start":{"line":45,"column":8},"end":{"line":45,"column":40}},"34":{"start":{"line":46,"column":8},"end":{"line":46,"column":22}},"35":{"start":{"line":49,"column":0},"end":{"line":49,"column":62}},"36":{"start":{"line":50,"column":0},"end":{"line":50,"column":88}},"37":{"start":{"line":51,"column":0},"end":{"line":51,"column":48}},"38":{"start":{"line":52,"column":0},"end":{"line":52,"column":44}},"39":{"start":{"line":53,"column":20},"end":{"line":53,"column":62}},"40":{"start":{"line":54,"column":20},"end":{"line":54,"column":62}},"41":{"start":{"line":56,"column":14},"end":{"line":56,"column":53}},"42":{"start":{"line":58,"column":9},"end":{"line":58,"column":13}},"43":{"start":{"line":64,"column":4},"end":{"line":69,"column":5}},"44":{"start":{"line":65,"column":8},"end":{"line":67,"column":9}},"45":{"start":{"line":66,"column":12},"end":{"line":66,"column":34}},"46":{"start":{"line":68,"column":8},"end":{"line":68,"column":31}},"47":{"start":{"line":70,"column":4},"end":{"line":70,"column":14}},"48":{"start":{"line":79,"column":31},"end":{"line":128,"column":1}},"49":{"start":{"line":81,"column":28},"end":{"line":81,"column":107}},"50":{"start":{"line":82,"column":29},"end":{"line":82,"column":101}},"51":{"start":{"line":83,"column":33},"end":{"line":83,"column":121}},"52":{"start":{"line":84,"column":28},"end":{"line":84,"column":108}},"53":{"start":{"line":85,"column":33},"end":{"line":85,"column":104}},"54":{"start":{"line":86,"column":31},"end":{"line":86,"column":102}},"55":{"start":{"line":89,"column":28},"end":{"line":89,"column":99}},"56":{"start":{"line":90,"column":29},"end":{"line":90,"column":107}},"57":{"start":{"line":91,"column":33},"end":{"line":91,"column":115}},"58":{"start":{"line":92,"column":28},"end":{"line":92,"column":110}},"59":{"start":{"line":93,"column":33},"end":{"line":93,"column":102}},"60":{"start":{"line":94,"column":31},"end":{"line":94,"column":100}},"61":{"start":{"line":97,"column":28},"end":{"line":97,"column":105}},"62":{"start":{"line":98,"column":29},"end":{"line":98,"column":108}},"63":{"start":{"line":99,"column":33},"end":{"line":99,"column":122}},"64":{"start":{"line":100,"column":28},"end":{"line":100,"column":107}},"65":{"start":{"line":101,"column":33},"end":{"line":101,"column":105}},"66":{"start":{"line":102,"column":31},"end":{"line":102,"column":100}},"67":{"start":{"line":105,"column":28},"end":{"line":105,"column":109}},"68":{"start":{"line":106,"column":29},"end":{"line":106,"column":106}},"69":{"start":{"line":107,"column":33},"end":{"line":107,"column":115}},"70":{"start":{"line":108,"column":28},"end":{"line":108,"column":112}},"71":{"start":{"line":109,"column":33},"end":{"line":109,"column":111}},"72":{"start":{"line":110,"column":31},"end":{"line":110,"column":98}},"73":{"start":{"line":113,"column":28},"end":{"line":113,"column":103}},"74":{"start":{"line":114,"column":29},"end":{"line":114,"column":110}},"75":{"start":{"line":115,"column":33},"end":{"line":115,"column":110}},"76":{"start":{"line":116,"column":28},"end":{"line":116,"column":114}},"77":{"start":{"line":117,"column":33},"end":{"line":117,"column":108}},"78":{"start":{"line":118,"column":31},"end":{"line":118,"column":97}},"79":{"start":{"line":121,"column":28},"end":{"line":121,"column":90}},"80":{"start":{"line":122,"column":29},"end":{"line":122,"column":101}},"81":{"start":{"line":123,"column":33},"end":{"line":123,"column":115}},"82":{"start":{"line":124,"column":28},"end":{"line":124,"column":99}},"83":{"start":{"line":125,"column":33},"end":{"line":125,"column":99}},"84":{"start":{"line":126,"column":31},"end":{"line":126,"column":101}},"85":{"start":{"line":136,"column":22},"end":{"line":136,"column":86}},"86":{"start":{"line":137,"column":25},"end":{"line":137,"column":40}},"87":{"start":{"line":138,"column":4},"end":{"line":140,"column":5}},"88":{"start":{"line":139,"column":8},"end":{"line":139,"column":37}},"89":{"start":{"line":141,"column":25},"end":{"line":141,"column":58}},"90":{"start":{"line":142,"column":4},"end":{"line":142,"column":53}},"91":{"start":{"line":148,"column":22},"end":{"line":148,"column":29}},"92":{"start":{"line":149,"column":4},"end":{"line":182,"column":5}},"93":{"start":{"line":151,"column":24},"end":{"line":151,"column":77}},"94":{"start":{"line":152,"column":8},"end":{"line":155,"column":9}},"95":{"start":{"line":153,"column":12},"end":{"line":153,"column":70}},"96":{"start":{"line":154,"column":12},"end":{"line":154,"column":19}},"97":{"start":{"line":156,"column":25},"end":{"line":156,"column":39}},"98":{"start":{"line":157,"column":25},"end":{"line":157,"column":94}},"99":{"start":{"line":158,"column":8},"end":{"line":161,"column":9}},"100":{"start":{"line":159,"column":12},"end":{"line":159,"column":82}},"101":{"start":{"line":160,"column":12},"end":{"line":160,"column":19}},"102":{"start":{"line":163,"column":8},"end":{"line":166,"column":9}},"103":{"start":{"line":164,"column":12},"end":{"line":164,"column":79}},"104":{"start":{"line":165,"column":12},"end":{"line":165,"column":19}},"105":{"start":{"line":168,"column":24},"end":{"line":175,"column":9}},"106":{"start":{"line":176,"column":25},"end":{"line":176,"column":62}},"107":{"start":{"line":177,"column":8},"end":{"line":177,"column":70}},"108":{"start":{"line":180,"column":8},"end":{"line":180,"column":78}},"109":{"start":{"line":189,"column":22},"end":{"line":189,"column":29}},"110":{"start":{"line":190,"column":4},"end":{"line":225,"column":5}},"111":{"start":{"line":191,"column":25},"end":{"line":191,"column":83}},"112":{"start":{"line":192,"column":8},"end":{"line":194,"column":9}},"113":{"start":{"line":193,"column":12},"end":{"line":193,"column":72}},"114":{"start":{"line":195,"column":22},"end":{"line":195,"column":37}},"115":{"start":{"line":196,"column":22},"end":{"line":196,"column":86}},"116":{"start":{"line":197,"column":23},"end":{"line":197,"column":88}},"117":{"start":{"line":198,"column":24},"end":{"line":198,"column":90}},"118":{"start":{"line":200,"column":8},"end":{"line":220,"column":9}},"119":{"start":{"line":201,"column":12},"end":{"line":201,"column":132}},"120":{"start":{"line":203,"column":13},"end":{"line":220,"column":9}},"121":{"start":{"line":204,"column":12},"end":{"line":204,"column":112}},"122":{"start":{"line":206,"column":13},"end":{"line":220,"column":9}},"123":{"start":{"line":207,"column":12},"end":{"line":207,"column":116}},"124":{"start":{"line":209,"column":13},"end":{"line":220,"column":9}},"125":{"start":{"line":210,"column":12},"end":{"line":210,"column":105}},"126":{"start":{"line":212,"column":13},"end":{"line":220,"column":9}},"127":{"start":{"line":213,"column":12},"end":{"line":213,"column":122}},"128":{"start":{"line":215,"column":13},"end":{"line":220,"column":9}},"129":{"start":{"line":216,"column":12},"end":{"line":216,"column":112}},"130":{"start":{"line":219,"column":12},"end":{"line":219,"column":106}},"131":{"start":{"line":223,"column":8},"end":{"line":223,"column":80}},"132":{"start":{"line":224,"column":8},"end":{"line":224,"column":75}},"133":{"start":{"line":233,"column":0},"end":{"line":344,"column":3}},"134":{"start":{"line":235,"column":19},"end":{"line":235,"column":38}},"135":{"start":{"line":236,"column":20},"end":{"line":236,"column":40}},"136":{"start":{"line":237,"column":22},"end":{"line":237,"column":29}},"137":{"start":{"line":238,"column":19},"end":{"line":238,"column":173}},"138":{"start":{"line":239,"column":18},"end":{"line":239,"column":170}},"139":{"start":{"line":240,"column":4},"end":{"line":343,"column":5}},"140":{"start":{"line":242,"column":8},"end":{"line":251,"column":9}},"141":{"start":{"line":243,"column":12},"end":{"line":243,"column":72}},"142":{"start":{"line":244,"column":12},"end":{"line":249,"column":26}},"143":{"start":{"line":250,"column":12},"end":{"line":250,"column":19}},"144":{"start":{"line":253,"column":8},"end":{"line":289,"column":9}},"145":{"start":{"line":254,"column":12},"end":{"line":254,"column":72}},"146":{"start":{"line":255,"column":28},"end":{"line":255,"column":81}},"147":{"start":{"line":256,"column":12},"end":{"line":257,"column":23}},"148":{"start":{"line":257,"column":16},"end":{"line":257,"column":23}},"149":{"start":{"line":258,"column":29},"end":{"line":258,"column":43}},"150":{"start":{"line":259,"column":30},"end":{"line":259,"column":112}},"151":{"start":{"line":260,"column":29},"end":{"line":260,"column":106}},"152":{"start":{"line":261,"column":41},"end":{"line":261,"column":134}},"153":{"start":{"line":262,"column":36},"end":{"line":262,"column":70}},"154":{"start":{"line":263,"column":12},"end":{"line":267,"column":13}},"155":{"start":{"line":264,"column":30},"end":{"line":264,"column":45}},"156":{"start":{"line":265,"column":29},"end":{"line":265,"column":102}},"157":{"start":{"line":266,"column":16},"end":{"line":266,"column":101}},"158":{"start":{"line":268,"column":12},"end":{"line":287,"column":15}},"159":{"start":{"line":288,"column":12},"end":{"line":288,"column":19}},"160":{"start":{"line":291,"column":8},"end":{"line":337,"column":9}},"161":{"start":{"line":292,"column":32},"end":{"line":292,"column":74}},"162":{"start":{"line":293,"column":37},"end":{"line":293,"column":73}},"163":{"start":{"line":294,"column":32},"end":{"line":294,"column":106}},"164":{"start":{"line":295,"column":35},"end":{"line":295,"column":83}},"165":{"start":{"line":296,"column":12},"end":{"line":297,"column":23}},"166":{"start":{"line":297,"column":16},"end":{"line":297,"column":23}},"167":{"start":{"line":298,"column":32},"end":{"line":302,"column":29}},"168":{"start":{"line":303,"column":32},"end":{"line":303,"column":55}},"169":{"start":{"line":304,"column":12},"end":{"line":336,"column":13}},"170":{"start":{"line":305,"column":32},"end":{"line":305,"column":85}},"171":{"start":{"line":306,"column":34},"end":{"line":306,"column":117}},"172":{"start":{"line":307,"column":16},"end":{"line":321,"column":19}},"173":{"start":{"line":323,"column":17},"end":{"line":336,"column":13}},"174":{"start":{"line":324,"column":32},"end":{"line":326,"column":17}},"175":{"start":{"line":327,"column":16},"end":{"line":328,"column":62}},"176":{"start":{"line":328,"column":20},"end":{"line":328,"column":62}},"177":{"start":{"line":329,"column":16},"end":{"line":330,"column":56}},"178":{"start":{"line":330,"column":20},"end":{"line":330,"column":56}},"179":{"start":{"line":331,"column":16},"end":{"line":332,"column":62}},"180":{"start":{"line":332,"column":20},"end":{"line":332,"column":62}},"181":{"start":{"line":333,"column":16},"end":{"line":334,"column":60}},"182":{"start":{"line":334,"column":20},"end":{"line":334,"column":60}},"183":{"start":{"line":335,"column":16},"end":{"line":335,"column":50}},"184":{"start":{"line":338,"column":8},"end":{"line":338,"column":15}},"185":{"start":{"line":341,"column":8},"end":{"line":341,"column":57}},"186":{"start":{"line":342,"column":8},"end":{"line":342,"column":15}},"187":{"start":{"line":355,"column":0},"end":{"line":382,"column":3}},"188":{"start":{"line":360,"column":22},"end":{"line":360,"column":29}},"189":{"start":{"line":361,"column":4},"end":{"line":361,"column":66}},"190":{"start":{"line":362,"column":4},"end":{"line":381,"column":5}},"191":{"start":{"line":363,"column":30},"end":{"line":363,"column":71}},"192":{"start":{"line":364,"column":8},"end":{"line":375,"column":9}},"193":{"start":{"line":365,"column":29},"end":{"line":365,"column":43}},"194":{"start":{"line":366,"column":29},"end":{"line":366,"column":106}},"195":{"start":{"line":367,"column":12},"end":{"line":368,"column":25}},"196":{"start":{"line":368,"column":16},"end":{"line":368,"column":25}},"197":{"start":{"line":369,"column":27},"end":{"line":369,"column":37}},"198":{"start":{"line":370,"column":30},"end":{"line":370,"column":58}},"199":{"start":{"line":371,"column":28},"end":{"line":371,"column":59}},"200":{"start":{"line":372,"column":12},"end":{"line":374,"column":15}},"201":{"start":{"line":376,"column":8},"end":{"line":376,"column":15}},"202":{"start":{"line":379,"column":8},"end":{"line":379,"column":60}},"203":{"start":{"line":380,"column":8},"end":{"line":380,"column":15}},"204":{"start":{"line":389,"column":0},"end":{"line":414,"column":3}},"205":{"start":{"line":391,"column":24},"end":{"line":391,"column":88}},"206":{"start":{"line":392,"column":4},"end":{"line":393,"column":15}},"207":{"start":{"line":393,"column":8},"end":{"line":393,"column":15}},"208":{"start":{"line":394,"column":19},"end":{"line":394,"column":38}},"209":{"start":{"line":395,"column":22},"end":{"line":395,"column":29}},"210":{"start":{"line":396,"column":4},"end":{"line":413,"column":5}},"211":{"start":{"line":397,"column":24},"end":{"line":397,"column":77}},"212":{"start":{"line":398,"column":25},"end":{"line":398,"column":39}},"213":{"start":{"line":399,"column":25},"end":{"line":399,"column":102}},"214":{"start":{"line":400,"column":26},"end":{"line":400,"column":108}},"215":{"start":{"line":401,"column":8},"end":{"line":403,"column":9}},"216":{"start":{"line":402,"column":12},"end":{"line":402,"column":19}},"217":{"start":{"line":404,"column":8},"end":{"line":407,"column":11}},"218":{"start":{"line":408,"column":8},"end":{"line":408,"column":15}},"219":{"start":{"line":411,"column":8},"end":{"line":411,"column":60}},"220":{"start":{"line":412,"column":8},"end":{"line":412,"column":15}}},"fnMap":{"0":{"name":"(anonymous_0)","decl":{"start":{"line":16,"column":74},"end":{"line":16,"column":75}},"loc":{"start":{"line":16,"column":96},"end":{"line":23,"column":1}},"line":16},"1":{"name":"(anonymous_1)","decl":{"start":{"line":20,"column":38},"end":{"line":20,"column":39}},"loc":{"start":{"line":20,"column":49},"end":{"line":20,"column":65}},"line":20},"2":{"name":"(anonymous_2)","decl":{"start":{"line":23,"column":6},"end":{"line":23,"column":7}},"loc":{"start":{"line":23,"column":28},"end":{"line":26,"column":1}},"line":23},"3":{"name":"(anonymous_3)","decl":{"start":{"line":27,"column":80},"end":{"line":27,"column":81}},"loc":{"start":{"line":27,"column":95},"end":{"line":29,"column":1}},"line":27},"4":{"name":"(anonymous_4)","decl":{"start":{"line":29,"column":5},"end":{"line":29,"column":6}},"loc":{"start":{"line":29,"column":20},"end":{"line":31,"column":1}},"line":29},"5":{"name":"(anonymous_5)","decl":{"start":{"line":32,"column":51},"end":{"line":32,"column":52}},"loc":{"start":{"line":32,"column":63},"end":{"line":48,"column":1}},"line":32},"6":{"name":"(anonymous_6)","decl":{"start":{"line":33,"column":18},"end":{"line":33,"column":19}},"loc":{"start":{"line":33,"column":30},"end":{"line":40,"column":5}},"line":33},"7":{"name":"(anonymous_7)","decl":{"start":{"line":34,"column":48},"end":{"line":34,"column":49}},"loc":{"start":{"line":34,"column":61},"end":{"line":38,"column":9}},"line":34},"8":{"name":"(anonymous_8)","decl":{"start":{"line":41,"column":11},"end":{"line":41,"column":12}},"loc":{"start":{"line":41,"column":26},"end":{"line":47,"column":5}},"line":41},"9":{"name":"getDb","decl":{"start":{"line":63,"column":9},"end":{"line":63,"column":14}},"loc":{"start":{"line":63,"column":17},"end":{"line":71,"column":1}},"line":63},"10":{"name":"(anonymous_10)","decl":{"start":{"line":81,"column":17},"end":{"line":81,"column":18}},"loc":{"start":{"line":81,"column":28},"end":{"line":81,"column":107}},"line":81},"11":{"name":"(anonymous_11)","decl":{"start":{"line":82,"column":18},"end":{"line":82,"column":19}},"loc":{"start":{"line":82,"column":29},"end":{"line":82,"column":101}},"line":82},"12":{"name":"(anonymous_12)","decl":{"start":{"line":83,"column":23},"end":{"line":83,"column":24}},"loc":{"start":{"line":83,"column":33},"end":{"line":83,"column":121}},"line":83},"13":{"name":"(anonymous_13)","decl":{"start":{"line":84,"column":17},"end":{"line":84,"column":18}},"loc":{"start":{"line":84,"column":28},"end":{"line":84,"column":108}},"line":84},"14":{"name":"(anonymous_14)","decl":{"start":{"line":85,"column":27},"end":{"line":85,"column":28}},"loc":{"start":{"line":85,"column":33},"end":{"line":85,"column":104}},"line":85},"15":{"name":"(anonymous_15)","decl":{"start":{"line":86,"column":21},"end":{"line":86,"column":22}},"loc":{"start":{"line":86,"column":31},"end":{"line":86,"column":102}},"line":86},"16":{"name":"(anonymous_16)","decl":{"start":{"line":89,"column":17},"end":{"line":89,"column":18}},"loc":{"star
[...]
1,"column":26},"end":{"line":91,"column":45}},"65":{"start":{"line":92,"column":4},"end":{"line":92,"column":84}},"66":{"start":{"line":93,"column":4},"end":{"line":125,"column":5}},"67":{"start":{"line":95,"column":8},"end":{"line":98,"column":11}},"68":{"start":{"line":100,"column":24},"end":{"line":100,"column":73}},"69":{"start":{"line":101,"column":8},"end":{"line":102,"column":19}},"70":{"start":{"line":102,"column":12},"end":{"line":102,"column":19}},"71":{"start":{"line":103,"column":25},"end":{"line":103,"column":39}},"72":{"start":{"line":104,"column":26},"end":{"line":104,"column":108}},"73":{"start":{"line":105,"column":8},"end":{"line":121,"column":9}},"74":{"start":{"line":107,"column":28},"end":{"line":118,"column":13}},"75":{"start":{"line":119,"column":12},"end":{"line":119,"column":50}},"76":{"start":{"line":120,"column":12},"end":{"line":120,"column":74}},"77":{"start":{"line":124,"column":8},"end":{"line":124,"column":78}},"78":{"start":{"line":131,"column":0},"end":{"line":171,"column":3}},"79":{"start":{"line":132,"column":17},"end":{"line":132,"column":40}},"80":{"start":{"line":133,"column":22},"end":{"line":133,"column":38}},"81":{"start":{"line":134,"column":22},"end":{"line":134,"column":37}},"82":{"start":{"line":135,"column":27},"end":{"line":135,"column":44}},"83":{"start":{"line":136,"column":4},"end":{"line":136,"column":86}},"84":{"start":{"line":137,"column":4},"end":{"line":170,"column":5}},"85":{"start":{"line":139,"column":8},"end":{"line":143,"column":11}},"86":{"start":{"line":145,"column":24},"end":{"line":145,"column":73}},"87":{"start":{"line":146,"column":8},"end":{"line":147,"column":19}},"88":{"start":{"line":147,"column":12},"end":{"line":147,"column":19}},"89":{"start":{"line":148,"column":25},"end":{"line":148,"column":39}},"90":{"start":{"line":149,"column":26},"end":{"line":149,"column":108}},"91":{"start":{"line":150,"column":8},"end":{"line":166,"column":9}},"92":{"start":{"line":152,"column":28},"end":{"line":163,"column":13}},"93":{"start":{"line":164,"column":12},"end":{"line":164,"column":50}},"94":{"start":{"line":165,"column":12},"end":{"line":165,"column":79}},"95":{"start":{"line":169,"column":8},"end":{"line":169,"column":83}},"96":{"start":{"line":176,"column":0},"end":{"line":213,"column":3}},"97":{"start":{"line":177,"column":17},"end":{"line":177,"column":40}},"98":{"start":{"line":178,"column":22},"end":{"line":178,"column":38}},"99":{"start":{"line":179,"column":22},"end":{"line":179,"column":37}},"100":{"start":{"line":180,"column":4},"end":{"line":180,"column":84}},"101":{"start":{"line":181,"column":4},"end":{"line":212,"column":5}},"102":{"start":{"line":183,"column":8},"end":{"line":186,"column":11}},"103":{"start":{"line":188,"column":24},"end":{"line":188,"column":73}},"104":{"start":{"line":189,"column":8},"end":{"line":190,"column":19}},"105":{"start":{"line":190,"column":12},"end":{"line":190,"column":19}},"106":{"start":{"line":191,"column":25},"end":{"line":191,"column":39}},"107":{"start":{"line":192,"column":26},"end":{"line":192,"column":108}},"108":{"start":{"line":193,"column":8},"end":{"line":208,"column":9}},"109":{"start":{"line":195,"column":28},"end":{"line":205,"column":13}},"110":{"start":{"line":206,"column":12},"end":{"line":206,"column":50}},"111":{"start":{"line":207,"column":12},"end":{"line":207,"column":77}},"112":{"start":{"line":211,"column":8},"end":{"line":211,"column":81}},"113":{"start":{"line":218,"column":0},"end":{"line":257,"column":3}},"114":{"start":{"line":219,"column":17},"end":{"line":219,"column":40}},"115":{"start":{"line":220,"column":22},"end":{"line":220,"column":38}},"116":{"start":{"line":221,"column":22},"end":{"line":221,"column":37}},"117":{"start":{"line":222,"column":26},"end":{"line":222,"column":45}},"118":{"start":{"line":223,"column":4},"end":{"line":223,"column":80}},"119":{"start":{"line":224,"column":4},"end":{"line":256,"column":5}},"120":{"start":{"line":226,"column":8},"end":{"line":229,"column":11}},"121":{"start":{"line":231,"column":24},"end":{"line":231,"column":73}},"122":{"start":{"line":232,"column":8},"end":{"line":233,"column":19}},"123":{"start":{"line":233,"column":12},"end":{"line":233,"column":19}},"124":{"start":{"line":234,"column":25},"end":{"line":234,"column":39}},"125":{"start":{"line":235,"column":26},"end":{"line":235,"column":108}},"126":{"start":{"line":236,"column":8},"end":{"line":252,"column":9}},"127":{"start":{"line":238,"column":28},"end":{"line":249,"column":13}},"128":{"start":{"line":250,"column":12},"end":{"line":250,"column":50}},"129":{"start":{"line":251,"column":12},"end":{"line":251,"column":74}},"130":{"start":{"line":255,"column":8},"end":{"line":255,"column":87}},"131":{"start":{"line":262,"column":0},"end":{"line":302,"column":3}},"132":{"start":{"line":263,"column":17},"end":{"line":263,"column":40}},"133":{"start":{"line":264,"column":22},"end":{"line":264,"column":38}},"134":{"start":{"line":265,"column":22},"end":{"line":265,"column":37}},"135":{"start":{"line":266,"column":30},"end":{"line":266,"column":54}},"136":{"start":{"line":267,"column":4},"end":{"line":267,"column":95}},"137":{"start":{"line":268,"column":4},"end":{"line":301,"column":5}},"138":{"start":{"line":270,"column":8},"end":{"line":274,"column":11}},"139":{"start":{"line":276,"column":24},"end":{"line":276,"column":73}},"140":{"start":{"line":277,"column":8},"end":{"line":278,"column":19}},"141":{"start":{"line":278,"column":12},"end":{"line":278,"column":19}},"142":{"start":{"line":279,"column":25},"end":{"line":279,"column":39}},"143":{"start":{"line":280,"column":26},"end":{"line":280,"column":108}},"144":{"start":{"line":281,"column":8},"end":{"line":297,"column":9}},"145":{"start":{"line":283,"column":28},"end":{"line":294,"column":13}},"146":{"start":{"line":295,"column":12},"end":{"line":295,"column":50}},"147":{"start":{"line":296,"column":12},"end":{"line":296,"column":81}},"148":{"start":{"line":300,"column":8},"end":{"line":300,"column":85}}},"fnMap":{"0":{"name":"(anonymous_0)","decl":{"start":{"line":2,"column":74},"end":{"line":2,"column":75}},"loc":{"start":{"line":2,"column":96},"end":{"line":9,"column":1}},"line":2},"1":{"name":"(anonymous_1)","decl":{"start":{"line":6,"column":38},"end":{"line":6,"column":39}},"loc":{"start":{"line":6,"column":49},"end":{"line":6,"column":65}},"line":6},"2":{"name":"(anonymous_2)","decl":{"start":{"line":9,"column":6},"end":{"line":9,"column":7}},"loc":{"start":{"line":9,"column":28},"end":{"line":12,"column":1}},"line":9},"3":{"name":"(anonymous_3)","decl":{"start":{"line":13,"column":80},"end":{"line":13,"column":81}},"loc":{"start":{"line":13,"column":95},"end":{"line":15,"column":1}},"line":13},"4":{"name":"(anonymous_4)","decl":{"start":{"line":15,"column":5},"end":{"line":15,"column":6}},"loc":{"start":{"line":15,"column":20},"end":{"line":17,"column":1}},"line":15},"5":{"name":"(anonymous_5)","decl":{"start":{"line":18,"column":51},"end":{"line":18,"column":52}},"loc":{"start":{"line":18,"column":63},"end":{"line":34,"column":1}},"line":18},"6":{"name":"(anonymous_6)","decl":{"start":{"line":19,"column":18},"end":{"line":19,"column":19}},"loc":{"start":{"line":19,"column":30},"end":{"line":26,"column":5}},"line":19},"7":{"name":"(anonymous_7)","decl":{"start":{"line":20,"column":48},"end":{"line":20,"column":49}},"loc":{"start":{"line":20,"column":61},"end":{"line":24,"column":9}},"line":20},"8":{"name":"(anonymous_8)","decl":{"start":{"line":27,"column":11},"end":{"line":27,"column":12}},"loc":{"start":{"line":27,"column":26},"end":{"line":33,"column":5}},"line":27},"9":{"name":"(anonymous_9)","decl":{"start":{"line":44,"column":99},"end":{"line":44,"column":100}},"loc":{"start":{"line":44,"column":116},"end":{"line":82,"column":1}},"line":44},"10":{"name":"(anonymous_10)","decl":{"start":{"line":87,"column":100},"end":{"line":87,"column":101}},"loc":{"start":{"line":87,"column":117},"end":{"line":126,"column":1}},"line":87},"11":{"name":"(anonymous_11)","decl":{"start":{"line":131,"column":107},"end":{"line":131,"column":108}},"loc":{"start":{"line":131,"column":124},"end":{"line":171,"column":1}},"line":131},"12":{"name":"(anonymous_12)","decl":{"start":{"line":176,"column":103},"end":{"line":176,"column":104}},"loc":{"start":{"line":176,"column":120},"end":{"line":213,"column":1}},"line":176},"13":{"name":"(anonymous_13)","decl":{"start":{"line":218,"column":105},"end":{"line":218,"column":106}},"loc":{"start":{"line":218,"column":122},"end":{"line":257,"column":1}},"line":218},"14":{"name":"(anonymous_14)","decl":{"start":{"line":262,"column":101},"end":{"line":262,"column":102}},"loc":{"start":{"line":262,"column":118},"end":{"line":302,"column":1}},"line":262}},"branchMap":{"0":{"loc":{"start":{"line":2,"column":22},"end":{"line":12,"column":3}},"type":"binary-expr","locations":[{"start":{"line":2,"column":23},"end":{"line":2,"column":27}},{"start":{"line":2,"column":31},"end":{"line":2,"column":51}},{"start":{"line":2,"column":57},"end":{"line":12,"column":2}}],"line":2},"1":{"loc":{"start":{"line":2,"column":57},"end":{"line":12,"column":2}},"type":"cond-expr","locations":[{"start":{"line":2,"column":74},"end":{"line":9,"column":1}},{"start":{"line":9,"column":6},"end":{"line":12,"column":1}}],"line":2},"2":{"loc":{"start":{"line":3,"column":4},"end":{"line":3,"column":33}},"type":"if","locations":[{"start":{"line":3,"column":4},"end":{"line":3,"column":33}},{"start":{},"end":{}}],"line":3},"3":{"loc":{"start":{"line":5,"column":4},"end":{"line":7,"column":5}},"type":"if","locations":[{"start":{"line":5,"column":4},"end":{"line":7,"column":5}},{"start":{},"end":{}}],"line":5},"4":{"loc":{"start":{"line":5,"column":8},"end":{"line":5,"column":85}},"type":"binary-expr","locations":[{"start":{"line":5,"column":8},"end":{"line":5,"column":13}},{"start":{"line":5,"column":18},"end":{"line":5,"column":84}}],"line":5},"5":{"loc":{"start":{"line":5,"column":18},"end":{"line":5,"column":84}},"type":"cond-expr","locations":[{"start":{"line":5,"column":34},"end":{"line":5,"column":47}},{"start":{"line":5,"column":50},"end":{"line":5,"column":84}}],"line":5},"6":{"loc":{"start":{"line":5,"column":50},"end":{"line":5,"column":84}},"type":"binary-expr","locations":[{"start":{"line":5,"column":50},"end":{"line":5,"column":63}},{"start":{"line":5,"column":67},"end":{"line":5,"column":84}}],"line":5},"7":{"loc":{"start":{"line":10,"column":4},"end":{"line":10,"column":33}},"type":"if","locations":[{"start":{"line":10,"column":4},"end":{"line":10,"column":33}},{"start":{},"end":{}}],"line":10},"8":{"loc":{"start":{"line":13,"column":25},"end":{"line":17,"column":2}},"type":"binary-expr","locations":[{"start":{"line":13,"column":26},"end":{"line":13,"column":30}},{"start":{"line":13,"column":34},"end":{"line":13,"column":57}},{"start":{"line":13,"column":63},"end":{"line":17,"column":1}}],"line":13},"9":{"loc":{"start":{"line":13,"column":63},"end":{"line":17,"column":1}},"type":"cond-expr","locations":[{"start":{"line":13,"column":80},"end":{"line":15,"column":1}},{"start":{"line":15,"column":5},"end":{"line":17,"column":1}}],"line":13},"10":{"loc":{"start":{"line":18,"column":19},"end":{"line":34,"column":4}},"type":"binary-expr","locations":[{"start":{"line":18,"column":20},"end":{"line":18,"column":24}},{"start":{"line":18,"column":28},"end":{"line":18,"column":45}},{"start":{"line":18,"column":50},"end":{"line":34,"column":4}}],"line":18},"11":{"loc":{"start":{"line":20,"column":18},"end":{"line":24,"column":9}},"type":"binary-expr","locations":[{"start":{"line":20,"column":18},"end":{"line":20,"column":44}},{"start":{"line":20,"column":48},"end":{"line":24,"column":9}}],"line":20},"12":{"loc":{"start":{"line":22,"column":29},"end":{"line":22,"column":95}},"type":"if","locations":[{"start":{"line":22,"column":29},"end":{"line":22,"column":95}},{"start":{},"end":{}}],"line":22},"13":{"loc":{"start":{"line":28,"column":8},"end":{"line":28,"column":46}},"type":"if","locations":[{"start":{"line":28,"column":8},"end":{"line":28,"column":46}},{"start":{},"end":{}}],"line":28},"14":{"loc":{"start":{"line":28,"column":12},"end":{"line":28,"column":33}},"type":"binary-expr","locations":[{"start":{"line":28,"column":12},"end":{"line":28,"column":15}},{"start":{"line":28,"column":19},"end":{"line":28,"column":33}}],"line":28},"15":{"loc":{"start":{"line":30,"column":8},"end":{"line":30,"column":137}},"type":"if","locations":[{"start":{"line":30,"column":8},"end":{"line":30,"column":137}},{"start":{},"end":{}}],"line":30},"16":{"loc":{"start":{"line":30,"column":78},"end":{"line":30,"column":137}},"type":"if","locations":[{"start":{"line":30,"column":78},"end":{"line":30,"column":137}},{"start":{},"end":{}}],"line":30},"17":{"loc":{"start":{"line":53,"column":8},"end":{"line":56,"column":9}},"type":"if","locations":[{"start":{"line":53,"column":8},"end":{"line":56,"column":9}},{"start":{},"end":{}}],"line":53},"18":{"loc":{"start":{"line":58,"column":26},"end":{"line":58,"column":108}},"type":"cond-expr","locations":[{"start":{"line":58,"column":69},"end":{"line":58,"column":75}},{"start":{"line":58,"column":78},"end":{"line":58,"column":108}}],"line":58},"19":{"loc":{"start":{"line":58,"column":26},"end":{"line":58,"column":66}},"type":"binary-expr","locations":[{"start":{"line":58,"column":26},"end":{"line":58,"column":43}},{"start":{"line":58,"column":47},"end":{"line":58,"column":66}}],"line":58},"20":{"loc":{"start":{"line":59,"column":8},"end":{"line":62,"column":9}},"type":"if","locations":[{"start":{"line":59,"column":8},"end":{"line":62,"column":9}},{"start":{},"end":{}}],"line":59},"21":{"loc":{"start":{"line":101,"column":8},"end":{"line":102,"column":19}},"type":"if","locations":[{"start":{"line":101,"column":8},"end":{"line":102,"column":19}},{"start":{},"end":{}}],"line":101},"22":{"loc":{"start":{"line":104,"column":26},"end":{"line":104,"column":108}},"type":"cond-expr","locations":[{"start":{"line":104,"column":69},"end":{"line":104,"column":75}},{"start":{"line":104,"column":78},"end":{"line":104,"column":108}}],"line":104},"23":{"loc":{"start":{"line":104,"column":26},"end":{"line":104,"column":66}},"type":"binary-expr","locations":[{"start":{"line":104,"column":26},"end":{"line":104,"column":43}},{"start":{"line":104,"column":47},"end":{"line":104,"column":66}}],"line":104},"24":{"loc":{"start":{"line":105,"column":8},"end":{"line":121,"column":9}},"type":"if","locations":[{"start":{"line":105,"column":8},"end":{"line":121,"column":9}},{"start":{},"end":{}}],"line":105},"25":{"loc":{"start":{"line":146,"column":8},"end":{"line":147,"column":19}},"type":"if","locations":[{"start":{"line":146,"column":8},"end":{"line":147,"column":19}},{"start":{},"end":{}}],"line":146},"26":{"loc":{"start":{"line":149,"column":26},"end":{"line":149,"column":108}},"type":"cond-expr","locations":[{"start":{"line":149,"column":69},"end":{"line":149,"column":75}},{"start":{"line":149,"column":78},"end":{"line":149,"column":108}}],"line":149},"27":{"loc":{"start":{"line":149,"column":26},"end":{"line":149,"column":66}},"type":"binary-expr","locations":[{"start":{"line":149,"column":26},"end":{"line":149,"column":43}},{"start":{"line":149,"column":47},"end":{"line":149,"column":66}}],"line":149},"28":{"loc":{"start":{"line":150,"column":8},"end":{"line":166,"column":9}},"type":"if","locations":[{"start":{"line":150,"column":8},"end":{"line":166,"column":9}},{"start":{},"end":{}}],"line":150},"29":{"loc":{"start":{"line":189,"column":8},"end":{"line":190,"column":19}},"type":"if","locations":[{"start":{"line":189,"column":8},"end":{"line":190,"column":19}},{"start":{},"end":{}}],"line":189},"30":{"loc":{"start":{"line":192,"column":26},"end":{"line":192,"column":108}},"type":"cond-expr","locations":[{"start":{"line":192,"column":69},"end":{"line":192,"column":75}},{"start":{"line":192,"column":78},"end":{"line":192,"column":108}}],"line":192},"31":{"loc":{"start":{"line":192,"column":26},"end":{"line":192,"column":66}},"type":"binary-expr","locations":[{"start":{"line":192,"column":26},"end":{"line":192,"column":43}},{"start":{"line":192,"column":47},"end":{"line":192,"column":66}}],"line":192},"32":{"loc":{"start":{"line":193,"column":8},"end":{"line":208,"column":9}},"type":"if","locations":[{"start":{"line":193,"column":8},"end":{"line":208,"column":9}},{"start":{},"end":{}}],"line":193},"33":{"loc":{"start":{"line":232,"column":8},"end":{"line":233,"column":19}},"type":"if","locations":[{"start":{"line":232,"column":8},"end":{"line":233,"column":19}},{"start":{},"end":{}}],"line":232},"34":{"loc":{"start":{"line":235,"column":26},"end":{"line":235,"column":108}},"type":"cond-expr","locations":[{"start":{"line":235,"column":69},"end":{"line":235,"column":75}},{"start":{"line":235,"column":78},"end":{"line":235,"column":108}}],"line":235},"35":{"loc":{"start":{"line":235,"column":26},"end":{"line":235,"column":66}},"type":"binary-expr","locations":[{"start":{"line":235,"column":26},"end":{"line":235,"column":43}},{"start":{"line":235,"column":47},"end":{"line":235,"column":66}}],"line":235},"36":{"loc":{"start":{"line":236,"column":8},"end":{"line":252,"column":9}},"type":"if","locations":[{"start":{"line":236,"column":8},"end":{"line":252,"column":9}},{"start":{},"end":{}}],"line":236},"37":{"loc":{"start":{"line":277,"column":8},"end":{"line":278,"column":19}},"type":"if","locations":[{"start":{"line":277,"column":8},"end":{"line":278,"column":19}},{"start":{},"end":{}}],"line":277},"38":{"loc":{"start":{"line":280,"column":26},"end":{"line":280,"column":108}},"type":"cond-expr","locations":[{"start":{"line":280,"column":69},"end":{"line":280,"column":75}},{"start":{"line":280,"column":78},"end":{"line":280,"column":108}}],"line":280},"39":{"loc":{"start":{"line":280,"column":26},"end":{"line":280,"column":66}},"type":"binary-expr","locations":[{"start":{"line":280,"column":26},"end":{"line":280,"column":43}},{"start":{"line":280,"column":47},"end":{"line":280,"column":66}}],"line":280},"40":{"loc":{"start":{"line":281,"column":8},"end":{"line":297,"column":9}},"type":"if","locations":[{"start":{"line":281,"column":8},"end":{"line":297,"column":9}},{"start":{},"end":{}}],"line":281}},"s":{"0":1,"1":0,"2":0,"3":0,"4":0,"5":0,"6":0,"7":0,"8":0,"9":0,"10":0,"11":1,"12":0,"13":0,"14":1,"15":1,"16":0,"17":0,"18":0,"19":0,"20":0,"21":0,"22":0,"23":1,"24":1,"25":1,"26":0,"27":0,"28":0,"29":0,"30":0,"31":0,"32":0,"33":0,"34":0,"35":1,"36":1,"37":1,"38":1,"39":1,"40":1,"41":0,"42":0,"43":0,"44":0,"45":0,"46":0,"47":0,"48":0,"49":0,"50":0,"51":0,"52":0,"53":0,"54":0,"55":0,"56":0,"57":0,"58":0,"59":0,"60":1,"61":0,"62":0,"63":0,"64":0,"65":0,"66":0,"67":0,"68":0,"69":0,"70":0,"71":0,"72":0,"73":0,"74":0,"75":0,"76":0,"77":0,"78":1,"79":0,"80":0,"81":0,"82":0,"83":0,"84":0,"85":0,"86":0,"87":0,"88":0,"89":0,"90":0,"91":0,"92":0,"93":0,"94":0,"95":0,"96":1,"97":0,"98":0,"99":0,"100":0,"101":0,"102":0,"103":0,"104":0,"105":0,"106":0,"107":0,"108":0,"109":0,"110":0,"111":0,"112":0,"113":1,"114":0,"115":0,"116":0,"117":0,"118":0,"119":0,"120":0,"121":0,"122":0,"123":0,"124":0,"125":0,"126":0,"127":0,"128":0,"129":0,"130":0,"131":1,"132":0,"133":0,"134":0,"135":0,"136":0,"137":0,"138":0,"139":0,"140":0,"141":0,"142":0,"143":0,"144":0,"145":0,"146":0,"147":0,"148":0},"f":{"0":0,"1":0,"2":0,"3":0,"4":0,"5":1,"6":0,"7":0,"8":1,"9":0,"10":0,"11":0,"12":0,"13":0,"14":0},"b":{"0":[1,1,1],"1":[1,0],"2":[0,0],"3":[0,0],"4":[0,0],"5":[0,0],"6":[0,0],"7":[0,0],"8":[1,1,1],"9":[1,0],"10":[1,1,1],"11":[0,0],"12":[0,0],"13":[1,0],"14":[1,1],"15":[0,0],"16":[0,0],"17":[0,0],"18":[0,0],"19":[0,0],"20":[0,0],"21":[0,0],"22":[0,0],"23":[0,0],"24":[0,0],"25":[0,0],"26":[0,0],"27":[0,0],"28":[0,0],"29":[0,0],"30":[0,0],"31":[0,0],"32":[0,0],"33":[0,0],"34":[0,0],"35":[0,0],"36":[0,0],"37":[0,0],"38":[0,0],"39":[0,0],"40":[0,0]},"inputSourceMap":null,"_coverageSchema":"1a1c01bbd47fc00a2c39e90264f33305004495a9","hash":"c0692f9b6db2e6020334da618c57c46b4018c5ac"}
}
