TN:
SF:lib\accountDeletion.js
FN:13,(anonymous_0)
FNF:1
FNH:0
FNDA:0,(anonymous_0)
DA:2,1
DA:3,1
DA:4,1
DA:13,1
DA:14,0
LF:5
LH:4
BRF:0
BRH:0
end_of_record
TN:
SF:lib\ai_recap.js
FN:2,(anonymous_0)
FN:6,(anonymous_1)
FN:9,(anonymous_2)
FN:13,(anonymous_3)
FN:15,(anonymous_4)
FN:18,(anonymous_5)
FN:19,(anonymous_6)
FN:20,(anonymous_7)
FN:27,(anonymous_8)
FN:49,(anonymous_9)
FN:73,(anonymous_10)
FN:93,(anonymous_11)
FNF:12
FNH:2
FNDA:0,(anonymous_0)
FNDA:0,(anonymous_1)
FNDA:0,(anonymous_2)
FNDA:0,(anonymous_3)
FNDA:0,(anonymous_4)
FNDA:1,(anonymous_5)
FNDA:0,(anonymous_6)
FNDA:0,(anonymous_7)
FNDA:1,(anonymous_8)
FNDA:0,(anonymous_9)
FNDA:0,(anonymous_10)
FNDA:0,(anonymous_11)
DA:2,1
DA:3,0
DA:4,0
DA:5,0
DA:6,0
DA:8,0
DA:10,0
DA:11,0
DA:13,1
DA:14,0
DA:16,0
DA:18,1
DA:19,1
DA:20,0
DA:21,0
DA:22,0
DA:23,0
DA:25,0
DA:27,1
DA:28,1
DA:29,0
DA:30,0
DA:31,0
DA:32,0
DA:35,1
DA:36,1
DA:37,1
DA:38,1
DA:45,1
DA:51,0
DA:52,0
DA:54,0
DA:55,0
DA:56,0
DA:57,0
DA:59,0
DA:60,0
DA:62,0
DA:63,0
DA:64,0
DA:65,0
DA:67,0
DA:68,0
DA:69,0
DA:70,0
DA:72,0
DA:73,0
DA:74,0
DA:77,0
DA:78,0
DA:79,0
DA:80,0
DA:81,0
DA:82,0
DA:83,0
DA:89,0
DA:91,0
DA:92,0
DA:93,0
DA:94,0
DA:95,0
DA:96,0
DA:97,0
DA:98,0
DA:102,0
DA:103,0
DA:104,0
DA:105,0
DA:106,0
DA:107,0
DA:110,0
DA:112,0
DA:113,0
DA:114,0
DA:115,0
DA:116,0
DA:117,0
DA:118,0
DA:119,0
DA:121,0
DA:122,0
DA:123,0
DA:124,0
DA:125,0
DA:126,0
DA:127,0
DA:134,0
DA:135,0
DA:136,0
DA:139,0
DA:140,0
DA:141,0
DA:142,0
DA:143,0
DA:144,0
DA:145,0
DA:166,0
DA:167,0
DA:168,0
DA:169,0
DA:170,0
DA:171,0
DA:174,0
DA:178,0
DA:182,0
DA:183,0
DA:184,0
DA:185,0
DA:186,0
DA:206,0
DA:208,0
DA:209,0
DA:210,0
DA:218,0
DA:219,0
LF:115
LH:11
BRDA:2,0,0,1
BRDA:2,0,1,1
BRDA:2,0,2,1
BRDA:2,1,0,1
BRDA:2,1,1,0
BRDA:3,2,0,0
BRDA:3,2,1,0
BRDA:5,3,0,0
BRDA:5,3,1,0
BRDA:5,4,0,0
BRDA:5,4,1,0
BRDA:5,5,0,0
BRDA:5,5,1,0
BRDA:5,6,0,0
BRDA:5,6,1,0
BRDA:10,7,0,0
BRDA:10,7,1,0
BRDA:13,8,0,1
BRDA:13,8,1,1
BRDA:13,8,2,1
BRDA:13,9,0,1
BRDA:13,9,1,0
BRDA:18,10,0,1
BRDA:18,10,1,1
BRDA:18,10,2,1
BRDA:20,11,0,0
BRDA:20,11,1,0
BRDA:22,12,0,0
BRDA:22,12,1,0
BRDA:28,13,0,1
BRDA:28,13,1,0
BRDA:28,14,0,1
BRDA:28,14,1,1
BRDA:30,15,0,0
BRDA:30,15,1,0
BRDA:30,16,0,0
BRDA:30,16,1,0
BRDA:51,17,0,0
BRDA:51,17,1,0
BRDA:62,18,0,0
BRDA:62,18,1,0
BRDA:62,19,0,0
BRDA:62,19,1,0
BRDA:63,20,0,0
BRDA:63,20,1,0
BRDA:68,21,0,0
BRDA:68,21,1,0
BRDA:80,22,0,0
BRDA:80,22,1,0
BRDA:81,23,0,0
BRDA:81,23,1,0
BRDA:96,24,0,0
BRDA:96,24,1,0
BRDA:97,25,0,0
BRDA:97,25,1,0
BRDA:105,26,0,0
BRDA:105,26,1,0
BRDA:110,27,0,0
BRDA:110,27,1,0
BRDA:110,28,0,0
BRDA:110,28,1,0
BRDA:110,29,0,0
BRDA:110,29,1,0
BRDA:110,30,0,0
BRDA:110,30,1,0
BRDA:117,31,0,0
BRDA:117,31,1,0
BRDA:121,32,0,0
BRDA:121,32,1,0
BRDA:121,33,0,0
BRDA:121,33,1,0
BRDA:124,34,0,0
BRDA:124,34,1,0
BRDA:124,35,0,0
BRDA:124,35,1,0
BRDA:125,36,0,0
BRDA:125,36,1,0
BRDA:134,37,0,0
BRDA:134,37,1,0
BRDA:142,38,0,0
BRDA:142,38,1,0
BRDA:142,39,0,0
BRDA:142,39,1,0
BRDA:166,40,0,0
BRDA:166,40,1,0
BRDA:168,41,0,0
BRDA:168,41,1,0
BRDA:168,42,0,0
BRDA:168,42,1,0
BRDA:168,43,0,0
BRDA:168,43,1,0
BRDA:168,44,0,0
BRDA:168,44,1,0
BRDA:168,45,0,0
BRDA:168,45,1,0
BRDA:169,46,0,0
BRDA:169,46,1,0
BRDA:170,47,0,0
BRDA:170,47,1,0
BRDA:195,48,0,0
BRDA:195,48,1,0
BRDA:195,49,0,0
BRDA:195,49,1,0
BRDA:195,50,0,0
BRDA:195,50,1,0
BRDA:197,51,0,0
BRDA:197,51,1,0
BRDA:197,52,0,0
BRDA:197,52,1,0
BRDA:197,53,0,0
BRDA:197,53,1,0
BRDA:201,54,0,0
BRDA:201,54,1,0
BRDA:219,55,0,0
BRDA:219,55,1,0
BRF:115
BRH:14
end_of_record
TN:
SF:lib\challenges.js
FN:2,(anonymous_0)
FN:6,(anonymous_1)
FN:9,(anonymous_2)
FN:13,(anonymous_3)
FN:15,(anonymous_4)
FN:18,(anonymous_5)
FN:19,(anonymous_6)
FN:20,(anonymous_7)
FN:27,(anonymous_8)
FN:43,(anonymous_9)
FN:77,(anonymous_10)
FNF:11
FNH:2
FNDA:0,(anonymous_0)
FNDA:0,(anonymous_1)
FNDA:0,(anonymous_2)
FNDA:0,(anonymous_3)
FNDA:0,(anonymous_4)
FNDA:1,(anonymous_5)
FNDA:0,(anonymous_6)
FNDA:0,(anonymous_7)
FNDA:1,(anonymous_8)
FNDA:0,(anonymous_9)
FNDA:0,(anonymous_10)
DA:2,1
DA:3,0
DA:4,0
DA:5,0
DA:6,0
DA:8,0
DA:10,0
DA:11,0
DA:13,1
DA:14,0
DA:16,0
DA:18,1
DA:19,1
DA:20,0
DA:21,0
DA:22,0
DA:23,0
DA:25,0
DA:27,1
DA:28,1
DA:29,0
DA:30,0
DA:31,0
DA:32,0
DA:35,1
DA:36,1
DA:37,1
DA:38,1
DA:39,1
DA:43,1
DA:45,0
DA:46,0
DA:47,0
DA:48,0
DA:50,0
DA:51,0
DA:52,0
DA:57,0
DA:60,0
DA:62,0
DA:63,0
DA:64,0
DA:69,0
DA:72,0
DA:77,1
DA:79,0
DA:80,0
DA:81,0
DA:83,0
DA:84,0
LF:50
LH:13
BRDA:2,0,0,1
BRDA:2,0,1,1
BRDA:2,0,2,1
BRDA:2,1,0,1
BRDA:2,1,1,0
BRDA:3,2,0,0
BRDA:3,2,1,0
BRDA:5,3,0,0
BRDA:5,3,1,0
BRDA:5,4,0,0
BRDA:5,4,1,0
BRDA:5,5,0,0
BRDA:5,5,1,0
BRDA:5,6,0,0
BRDA:5,6,1,0
BRDA:10,7,0,0
BRDA:10,7,1,0
BRDA:13,8,0,1
BRDA:13,8,1,1
BRDA:13,8,2,1
BRDA:13,9,0,1
BRDA:13,9,1,0
BRDA:18,10,0,1
BRDA:18,10,1,1
BRDA:18,10,2,1
BRDA:20,11,0,0
BRDA:20,11,1,0
BRDA:22,12,0,0
BRDA:22,12,1,0
BRDA:28,13,0,1
BRDA:28,13,1,0
BRDA:28,14,0,1
BRDA:28,14,1,1
BRDA:30,15,0,0
BRDA:30,15,1,0
BRDA:30,16,0,0
BRDA:30,16,1,0
BRDA:46,17,0,0
BRDA:46,17,1,0
BRDA:46,18,0,0
BRDA:46,18,1,0
BRDA:47,19,0,0
BRDA:47,19,1,0
BRDA:47,20,0,0
BRDA:47,20,1,0
BRDA:48,21,0,0
BRDA:48,21,1,0
BRDA:48,22,0,0
BRDA:48,22,1,0
BRDA:60,23,0,0
BRDA:60,23,1,0
BRDA:60,24,0,0
BRDA:60,24,1,0
BRDA:79,25,0,0
BRDA:79,25,1,0
BRDA:79,26,0,0
BRDA:79,26,1,0
BRDA:80,27,0,0
BRDA:80,27,1,0
BRF:59
BRH:14
end_of_record
TN:
SF:lib\cleanupUserData.js
FN:2,(anonymous_0)
FN:6,(anonymous_1)
FN:9,(anonymous_2)
FN:13,(anonymous_3)
FN:15,(anonymous_4)
FN:18,(anonymous_5)
FN:19,(anonymous_6)
FN:20,(anonymous_7)
FN:27,(anonymous_8)
FN:50,(anonymous_9)
FN:64,(anonymous_10)
FN:66,(anonymous_11)
FN:74,(anonymous_12)
FN:84,(anonymous_13)
FN:94,(anonymous_14)
FN:104,(anonymous_15)
FN:118,(anonymous_16)
FN:127,(anonymous_17)
FN:135,(anonymous_18)
FN:144,(anonymous_19)
FN:155,(anonymous_20)
FN:165,(anonymous_21)
FNF:22
FNH:2
FNDA:0,(anonymous_0)
FNDA:0,(anonymous_1)
FNDA:0,(anonymous_2)
FNDA:0,(anonymous_3)
FNDA:0,(anonymous_4)
FNDA:1,(anonymous_5)
FNDA:0,(anonymous_6)
FNDA:0,(anonymous_7)
FNDA:1,(anonymous_8)
FNDA:0,(anonymous_9)
FNDA:0,(anonymous_10)
FNDA:0,(anonymous_11)
FNDA:0,(anonymous_12)
FNDA:0,(anonymous_13)
FNDA:0,(anonymous_14)
FNDA:0,(anonymous_15)
FNDA:0,(anonymous_16)
FNDA:0,(anonymous_17)
FNDA:0,(anonymous_18)
FNDA:0,(anonymous_19)
FNDA:0,(anonymous_20)
FNDA:0,(anonymous_21)
DA:2,1
DA:3,0
DA:4,0
DA:5,0
DA:6,0
DA:8,0
DA:10,0
DA:11,0
DA:13,1
DA:14,0
DA:16,0
DA:18,1
DA:19,1
DA:20,0
DA:21,0
DA:22,0
DA:23,0
DA:25,0
DA:27,1
DA:28,1
DA:29,0
DA:30,0
DA:31,0
DA:32,0
DA:35,1
DA:36,1
DA:37,1
DA:38,1
DA:39,1
DA:40,0
DA:42,1
DA:50,1
DA:51,0
DA:52,0
DA:54,0
DA:55,0
DA:60,0
DA:62,0
DA:64,0
DA:66,0
DA:68,0
DA:72,0
DA:73,0
DA:74,0
DA:75,0
DA:78,0
DA:82,0
DA:83,0
DA:84,0
DA:85,0
DA:88,0
DA:92,0
DA:93,0
DA:94,0
DA:95,0
DA:98,0
DA:102,0
DA:103,0
DA:104,0
DA:105,0
DA:110,0
DA:113,0
DA:116,0
DA:117,0
DA:118,0
DA:119,0
DA:122,0
DA:125,0
DA:126,0
DA:127,0
DA:128,0
DA:131,0
DA:132,0
DA:133,0
DA:134,0
DA:135,0
DA:136,0
DA:140,0
DA:141,0
DA:142,0
DA:143,0
DA:144,0
DA:145,0
DA:149,0
DA:153,0
DA:154,0
DA:155,0
DA:156,0
DA:159,0
DA:163,0
DA:164,0
DA:165,0
DA:166,0
DA:169,0
DA:170,0
DA:173,0
DA:176,0
DA:177,0
LF:98
LH:13
BRDA:2,0,0,1
BRDA:2,0,1,1
BRDA:2,0,2,1
BRDA:2,1,0,1
BRDA:2,1,1,0
BRDA:3,2,0,0
BRDA:3,2,1,0
BRDA:5,3,0,0
BRDA:5,3,1,0
BRDA:5,4,0,0
BRDA:5,4,1,0
BRDA:5,5,0,0
BRDA:5,5,1,0
BRDA:5,6,0,0
BRDA:5,6,1,0
BRDA:10,7,0,0
BRDA:10,7,1,0
BRDA:13,8,0,1
BRDA:13,8,1,1
BRDA:13,8,2,1
BRDA:13,9,0,1
BRDA:13,9,1,0
BRDA:18,10,0,1
BRDA:18,10,1,1
BRDA:18,10,2,1
BRDA:20,11,0,0
BRDA:20,11,1,0
BRDA:22,12,0,0
BRDA:22,12,1,0
BRDA:28,13,0,1
BRDA:28,13,1,0
BRDA:28,14,0,1
BRDA:28,14,1,1
BRDA:30,15,0,0
BRDA:30,15,1,0
BRDA:30,16,0,0
BRDA:30,16,1,0
BRDA:39,17,0,0
BRDA:39,17,1,1
BRDA:51,18,0,0
BRDA:51,18,1,0
BRDA:72,19,0,0
BRDA:72,19,1,0
BRDA:82,20,0,0
BRDA:82,20,1,0
BRDA:92,21,0,0
BRDA:92,21,1,0
BRDA:102,22,0,0
BRDA:102,22,1,0
BRDA:116,23,0,0
BRDA:116,23,1,0
BRDA:125,24,0,0
BRDA:125,24,1,0
BRDA:133,25,0,0
BRDA:133,25,1,0
BRDA:142,26,0,0
BRDA:142,26,1,0
BRDA:153,27,0,0
BRDA:153,27,1,0
BRDA:163,28,0,0
BRDA:163,28,1,0
BRF:61
BRH:15
end_of_record
TN:
SF:lib\habit_notifications.js
FN:16,(anonymous_0)
FN:20,(anonymous_1)
FN:23,(anonymous_2)
FN:27,(anonymous_3)
FN:29,(anonymous_4)
FN:32,(anonymous_5)
FN:33,(anonymous_6)
FN:34,(anonymous_7)
FN:41,(anonymous_8)
FN:63,getDb
FN:81,(anonymous_10)
FN:82,(anonymous_11)
FN:83,(anonymous_12)
FN:84,(anonymous_13)
FN:85,(anonymous_14)
FN:86,(anonymous_15)
FN:89,(anonymous_16)
FN:90,(anonymous_17)
FN:91,(anonymous_18)
FN:92,(anonymous_19)
FN:93,(anonymous_20)
FN:94,(anonymous_21)
FN:97,(anonymous_22)
FN:98,(anonymous_23)
FN:99,(anonymous_24)
FN:100,(anonymous_25)
FN:101,(anonymous_26)
FN:102,(anonymous_27)
FN:105,(anonymous_28)
FN:106,(anonymous_29)
FN:107,(anonymous_30)
FN:108,(anonymous_31)
FN:109,(anonymous_32)
FN:110,(anonymous_33)
FN:113,(anonymous_34)
FN:114,(anonymous_35)
FN:115,(anonymous_36)
FN:116,(anonymous_37)
FN:117,(anonymous_38)
FN:118,(anonymous_39)
FN:121,(anonymous_40)
FN:122,(anonymous_41)
FN:123,(anonymous_42)
FN:124,(anonymous_43)
FN:125,(anonymous_44)
FN:126,(anonymous_45)
FN:135,getTemplateMessage
FN:147,sendNotification
FN:188,generateAIInsight
FN:233,(anonymous_49)
FN:359,(anonymous_50)
FN:389,(anonymous_51)
FNF:52
FNH:2
FNDA:0,(anonymous_0)
FNDA:0,(anonymous_1)
FNDA:0,(anonymous_2)
FNDA:0,(anonymous_3)
FNDA:0,(anonymous_4)
FNDA:1,(anonymous_5)
FNDA:0,(anonymous_6)
FNDA:0,(anonymous_7)
FNDA:1,(anonymous_8)
FNDA:0,getDb
FNDA:0,(anonymous_10)
FNDA:0,(anonymous_11)
FNDA:0,(anonymous_12)
FNDA:0,(anonymous_13)
FNDA:0,(anonymous_14)
FNDA:0,(anonymous_15)
FNDA:0,(anonymous_16)
FNDA:0,(anonymous_17)
FNDA:0,(anonymous_18)
FNDA:0,(anonymous_19)
FNDA:0,(anonymous_20)
FNDA:0,(anonymous_21)
FNDA:0,(anonymous_22)
FNDA:0,(anonymous_23)
FNDA:0,(anonymous_24)
FNDA:0,(anonymous_25)
FNDA:0,(anonymous_26)
FNDA:0,(anonymous_27)
FNDA:0,(anonymous_28)
FNDA:0,(anonymous_29)
FNDA:0,(anonymous_30)
FNDA:0,(anonymous_31)
FNDA:0,(anonymous_32)
FNDA:0,(anonymous_33)
FNDA:0,(anonymous_34)
FNDA:0,(anonymous_35)
FNDA:0,(anonymous_36)
FNDA:0,(anonymous_37)
FNDA:0,(anonymous_38)
FNDA:0,(anonymous_39)
FNDA:0,(anonymous_40)
FNDA:0,(anonymous_41)
FNDA:0,(anonymous_42)
FNDA:0,(anonymous_43)
FNDA:0,(anonymous_44)
FNDA:0,(anonymous_45)
FNDA:0,getTemplateMessage
FNDA:0,sendNotification
FNDA:0,generateAIInsight
FNDA:0,(anonymous_49)
FNDA:0,(anonymous_50)
FNDA:0,(anonymous_51)
DA:16,1
DA:17,0
DA:18,0
DA:19,0
DA:20,0
DA:22,0
DA:24,0
DA:25,0
DA:27,1
DA:28,0
DA:30,0
DA:32,1
DA:33,1
DA:34,0
DA:35,0
DA:36,0
DA:37,0
DA:39,0
DA:41,1
DA:42,1
DA:43,0
DA:44,0
DA:45,0
DA:46,0
DA:49,1
DA:50,1
DA:51,1
DA:52,1
DA:53,1
DA:54,1
DA:56,1
DA:58,1
DA:64,0
DA:65,0
DA:66,0
DA:68,0
DA:70,0
DA:79,1
DA:81,0
DA:82,0
DA:83,0
DA:84,0
DA:85,0
DA:86,0
DA:89,0
DA:90,0
DA:91,0
DA:92,0
DA:93,0
DA:94,0
DA:97,0
DA:98,0
DA:99,0
DA:100,0
DA:101,0
DA:102,0
DA:105,0
DA:106,0
DA:107,0
DA:108,0
DA:109,0
DA:110,0
DA:113,0
DA:114,0
DA:115,0
DA:116,0
DA:117,0
DA:118,0
DA:121,0
DA:122,0
DA:123,0
DA:124,0
DA:125,0
DA:126,0
DA:136,0
DA:137,0
DA:138,0
DA:139,0
DA:141,0
DA:142,0
DA:148,0
DA:149,0
DA:151,0
DA:152,0
DA:153,0
DA:154,0
DA:156,0
DA:157,0
DA:158,0
DA:159,0
DA:160,0
DA:163,0
DA:164,0
DA:165,0
DA:168,0
DA:176,0
DA:177,0
DA:180,0
DA:189,0
DA:190,0
DA:191,0
DA:192,0
DA:193,0
DA:195,0
DA:196,0
DA:197,0
DA:198,0
DA:200,0
DA:201,0
DA:203,0
DA:204,0
DA:206,0
DA:207,0
DA:209,0
DA:210,0
DA:212,0
DA:213,0
DA:215,0
DA:216,0
DA:219,0
DA:223,0
DA:224,0
DA:233,1
DA:235,0
DA:236,0
DA:237,0
DA:238,0
DA:239,0
DA:240,0
DA:242,0
DA:243,0
DA:244,0
DA:250,0
DA:253,0
DA:254,0
DA:255,0
DA:256,0
DA:257,0
DA:258,0
DA:259,0
DA:260,0
DA:261,0
DA:262,0
DA:263,0
DA:264,0
DA:265,0
DA:266,0
DA:268,0
DA:288,0
DA:291,0
DA:292,0
DA:293,0
DA:294,0
DA:295,0
DA:296,0
DA:297,0
DA:298,0
DA:303,0
DA:304,0
DA:305,0
DA:306,0
DA:307,0
DA:323,0
DA:324,0
DA:327,0
DA:328,0
DA:329,0
DA:330,0
DA:331,0
DA:332,0
DA:333,0
DA:334,0
DA:335,0
DA:338,0
DA:341,0
DA:342,0
DA:355,1
DA:360,0
DA:361,0
DA:362,0
DA:363,0
DA:364,0
DA:365,0
DA:366,0
DA:367,0
DA:368,0
DA:369,0
DA:370,0
DA:371,0
DA:372,0
DA:376,0
DA:379,0
DA:380,0
DA:389,1
DA:391,0
DA:392,0
DA:393,0
DA:394,0
DA:395,0
DA:396,0
DA:397,0
DA:398,0
DA:399,0
DA:400,0
DA:401,0
DA:402,0
DA:404,0
DA:408,0
DA:411,0
DA:412,0
LF:210
LH:18
BRDA:16,0,0,1
BRDA:16,0,1,1
BRDA:16,0,2,1
BRDA:16,1,0,1
BRDA:16,1,1,0
BRDA:17,2,0,0
BRDA:17,2,1,0
BRDA:19,3,0,0
BRDA:19,3,1,0
BRDA:19,4,0,0
BRDA:19,4,1,0
BRDA:19,5,0,0
BRDA:19,5,1,0
BRDA:19,6,0,0
BRDA:19,6,1,0
BRDA:24,7,0,0
BRDA:24,7,1,0
BRDA:27,8,0,1
BRDA:27,8,1,1
BRDA:27,8,2,1
BRDA:27,9,0,1
BRDA:27,9,1,0
BRDA:32,10,0,1
BRDA:32,10,1,1
BRDA:32,10,2,1
BRDA:34,11,0,0
BRDA:34,11,1,0
BRDA:36,12,0,0
BRDA:36,12,1,0
BRDA:42,13,0,1
BRDA:42,13,1,0
BRDA:42,14,0,1
BRDA:42,14,1,1
BRDA:44,15,0,0
BRDA:44,15,1,0
BRDA:44,16,0,0
BRDA:44,16,1,0
BRDA:64,17,0,0
BRDA:64,17,1,0
BRDA:65,18,0,0
BRDA:65,18,1,0
BRDA:136,19,0,0
BRDA:136,19,1,0
BRDA:138,20,0,0
BRDA:138,20,1,0
BRDA:142,21,0,0
BRDA:142,21,1,0
BRDA:152,22,0,0
BRDA:152,22,1,0
BRDA:157,23,0,0
BRDA:157,23,1,0
BRDA:157,24,0,0
BRDA:157,24,1,0
BRDA:158,25,0,0
BRDA:158,25,1,0
BRDA:163,26,0,0
BRDA:163,26,1,0
BRDA:163,27,0,0
BRDA:163,27,1,0
BRDA:163,28,0,0
BRDA:163,28,1,0
BRDA:192,29,0,0
BRDA:192,29,1,0
BRDA:196,30,0,0
BRDA:196,30,1,0
BRDA:196,31,0,0
BRDA:196,31,1,0
BRDA:196,32,0,0
BRDA:196,32,1,0
BRDA:197,33,0,0
BRDA:197,33,1,0
BRDA:197,34,0,0
BRDA:197,34,1,0
BRDA:197,35,0,0
BRDA:197,35,1,0
BRDA:198,36,0,0
BRDA:198,36,1,0
BRDA:198,37,0,0
BRDA:198,37,1,0
BRDA:198,38,0,0
BRDA:198,38,1,0
BRDA:200,39,0,0
BRDA:200,39,1,0
BRDA:203,40,0,0
BRDA:203,40,1,0
BRDA:206,41,0,0
BRDA:206,41,1,0
BRDA:209,42,0,0
BRDA:209,42,1,0
BRDA:212,43,0,0
BRDA:212,43,1,0
BRDA:215,44,0,0
BRDA:215,44,1,0
BRDA:238,45,0,0
BRDA:238,45,1,0
BRDA:238,46,0,0
BRDA:238,46,1,0
BRDA:238,47,0,0
BRDA:238,47,1,0
BRDA:238,48,0,0
BRDA:238,48,1,0
BRDA:238,49,0,0
BRDA:238,49,1,0
BRDA:239,50,0,0
BRDA:239,50,1,0
BRDA:239,51,0,0
BRDA:239,51,1,0
BRDA:239,52,0,0
BRDA:239,52,1,0
BRDA:239,53,0,0
BRDA:239,53,1,0
BRDA:239,54,0,0
BRDA:239,54,1,0
BRDA:242,55,0,0
BRDA:242,55,1,0
BRDA:242,56,0,0
BRDA:242,56,1,0
BRDA:253,57,0,0
BRDA:253,57,1,0
BRDA:253,58,0,0
BRDA:253,58,1,0
BRDA:256,59,0,0
BRDA:256,59,1,0
BRDA:259,60,0,0
BRDA:259,60,1,0
BRDA:259,61,0,0
BRDA:259,61,1,0
BRDA:259,62,0,0
BRDA:259,62,1,0
BRDA:260,63,0,0
BRDA:260,63,1,0
BRDA:260,64,0,0
BRDA:260,64,1,0
BRDA:260,65,0,0
BRDA:260,65,1,0
BRDA:261,66,0,0
BRDA:261,66,1,0
BRDA:261,67,0,0
BRDA:261,67,1,0
BRDA:263,68,0,0
BRDA:263,68,1,0
BRDA:263,69,0,0
BRDA:263,69,1,0
BRDA:263,69,2,0
BRDA:265,70,0,0
BRDA:265,70,1,0
BRDA:276,71,0,0
BRDA:276,71,1,0
BRDA:276,72,0,0
BRDA:276,72,1,0
BRDA:276,73,0,0
BRDA:276,73,1,0
BRDA:277,74,0,0
BRDA:277,74,1,0
BRDA:278,75,0,0
BRDA:278,75,1,0
BRDA:279,76,0,0
BRDA:279,76,1,0
BRDA:282,77,0,0
BRDA:282,77,1,0
BRDA:291,78,0,0
BRDA:291,78,1,0
BRDA:291,79,0,0
BRDA:291,79,1,0
BRDA:296,80,0,0
BRDA:296,80,1,0
BRDA:296,81,0,0
BRDA:296,81,1,0
BRDA:296,81,2,0
BRDA:296,81,3,0
BRDA:304,82,0,0
BRDA:304,82,1,0
BRDA:304,83,0,0
BRDA:304,83,1,0
BRDA:306,84,0,0
BRDA:306,84,1,0
BRDA:306,85,0,0
BRDA:306,85,1,0
BRDA:306,86,0,0
BRDA:306,86,1,0
BRDA:311,87,0,0
BRDA:311,87,1,0
BRDA:312,88,0,0
BRDA:312,88,1,0
BRDA:313,89,0,0
BRDA:313,89,1,0
BRDA:323,90,0,0
BRDA:323,90,1,0
BRDA:327,91,0,0
BRDA:327,91,1,0
BRDA:329,92,0,0
BRDA:329,92,1,0
BRDA:331,93,0,0
BRDA:331,93,1,0
BRDA:333,94,0,0
BRDA:333,94,1,0
BRDA:366,95,0,0
BRDA:366,95,1,0
BRDA:366,96,0,0
BRDA:366,96,1,0
BRDA:366,97,0,0
BRDA:366,97,1,0
BRDA:367,98,0,0
BRDA:367,98,1,0
BRDA:367,99,0,0
BRDA:367,99,1,0
BRDA:370,100,0,0
BRDA:370,100,1,0
BRDA:391,101,0,0
BRDA:391,101,1,0
BRDA:391,102,0,0
BRDA:391,102,1,0
BRDA:392,103,0,0
BRDA:392,103,1,0
BRDA:399,104,0,0
BRDA:399,104,1,0
BRDA:399,105,0,0
BRDA:399,105,1,0
BRDA:399,106,0,0
BRDA:399,106,1,0
BRDA:400,107,0,0
BRDA:400,107,1,0
BRDA:400,108,0,0
BRDA:400,108,1,0
BRDA:400,109,0,0
BRDA:400,109,1,0
BRDA:401,110,0,0
BRDA:401,110,1,0
BRDA:401,111,0,0
BRDA:401,111,1,0
BRDA:401,112,0,0
BRDA:401,112,1,0
BRDA:401,113,0,0
BRDA:401,113,1,0
BRF:234
BRH:14
end_of_record
TN:
SF:lib\index.js
FN:10,(anonymous_0)
FN:14,(anonymous_1)
FN:17,(anonymous_2)
FN:21,(anonymous_3)
FN:23,(anonymous_4)
FN:26,(anonymous_5)
FN:27,(anonymous_6)
FN:28,(anonymous_7)
FN:35,(anonymous_8)
FN:43,(anonymous_9)
FN:68,(anonymous_10)
FN:111,(anonymous_11)
FN:115,(anonymous_12)
FN:133,(anonymous_13)
FN:176,(anonymous_14)
FN:247,(anonymous_15)
FNF:16
FNH:6
FNDA:18,(anonymous_0)
FNDA:0,(anonymous_1)
FNDA:0,(anonymous_2)
FNDA:0,(anonymous_3)
FNDA:0,(anonymous_4)
FNDA:1,(anonymous_5)
FNDA:0,(anonymous_6)
FNDA:0,(anonymous_7)
FNDA:1,(anonymous_8)
FNDA:8,(anonymous_9)
FNDA:1,(anonymous_10)
FNDA:0,(anonymous_11)
FNDA:0,(anonymous_12)
FNDA:2,(anonymous_13)
FNDA:0,(anonymous_14)
FNDA:0,(anonymous_15)
DA:10,1
DA:11,18
DA:12,18
DA:13,18
DA:14,18
DA:16,18
DA:18,0
DA:19,0
DA:21,1
DA:22,0
DA:24,0
DA:26,1
DA:27,1
DA:28,0
DA:29,0
DA:30,0
DA:31,0
DA:33,0
DA:35,1
DA:36,1
DA:37,0
DA:38,0
DA:39,0
DA:40,0
DA:43,1
DA:44,18
DA:46,1
DA:47,1
DA:48,1
DA:49,1
DA:50,1
DA:51,1
DA:52,1
DA:54,1
DA:61,1
DA:62,1
DA:64,1
DA:68,1
DA:69,1
DA:70,1
DA:72,0
DA:73,0
DA:74,0
DA:75,0
DA:76,0
DA:77,0
DA:78,0
DA:79,0
DA:86,0
DA:87,0
DA:88,0
DA:90,0
DA:91,0
DA:92,0
DA:93,0
DA:94,0
DA:95,0
DA:96,0
DA:97,0
DA:98,0
DA:99,0
DA:100,0
DA:102,0
DA:103,0
DA:104,0
DA:105,0
DA:111,1
DA:112,0
DA:113,0
DA:114,0
DA:115,0
DA:116,0
DA:117,0
DA:118,0
DA:120,0
DA:121,0
DA:125,0
DA:126,0
DA:131,1
DA:135,2
DA:136,1
DA:138,1
DA:139,1
DA:140,1
DA:142,0
DA:143,0
DA:144,0
DA:145,0
DA:146,0
DA:162,0
DA:163,0
DA:164,0
DA:165,0
DA:166,0
DA:169,0
DA:170,0
DA:176,1
DA:178,0
DA:179,0
DA:180,0
DA:181,0
DA:182,0
DA:183,0
DA:184,0
DA:185,0
DA:186,0
DA:187,0
DA:188,0
DA:189,0
DA:190,0
DA:191,0
DA:192,0
DA:194,0
DA:195,0
DA:196,0
DA:197,0
DA:198,0
DA:199,0
DA:200,0
DA:201,0
DA:202,0
DA:206,0
DA:207,0
DA:208,0
DA:209,0
DA:210,0
DA:211,0
DA:212,0
DA:213,0
DA:214,0
DA:215,0
DA:216,0
DA:217,0
DA:231,0
DA:234,0
DA:235,0
DA:236,0
DA:237,0
DA:238,0
DA:241,0
DA:242,0
DA:247,1
DA:248,0
DA:249,0
DA:251,1
DA:253,1
DA:254,1
DA:256,1
DA:257,1
DA:258,1
DA:259,1
DA:260,1
LF:152
LH:44
BRDA:10,0,0,1
BRDA:10,0,1,1
BRDA:10,0,2,1
BRDA:10,1,0,1
BRDA:10,1,1,0
BRDA:11,2,0,18
BRDA:11,2,1,0
BRDA:13,3,0,18
BRDA:13,3,1,0
BRDA:13,4,0,18
BRDA:13,4,1,18
BRDA:13,5,0,0
BRDA:13,5,1,18
BRDA:13,6,0,18
BRDA:13,6,1,0
BRDA:18,7,0,0
BRDA:18,7,1,0
BRDA:21,8,0,1
BRDA:21,8,1,1
BRDA:21,8,2,1
BRDA:21,9,0,1
BRDA:21,9,1,0
BRDA:26,10,0,1
BRDA:26,10,1,1
BRDA:26,10,2,1
BRDA:28,11,0,0
BRDA:28,11,1,0
BRDA:30,12,0,0
BRDA:30,12,1,0
BRDA:36,13,0,1
BRDA:36,13,1,0
BRDA:36,14,0,1
BRDA:36,14,1,1
BRDA:38,15,0,0
BRDA:38,15,1,0
BRDA:38,16,0,0
BRDA:38,16,1,0
BRDA:43,17,0,1
BRDA:43,17,1,1
BRDA:43,17,2,1
BRDA:44,18,0,18
BRDA:44,18,1,0
BRDA:44,19,0,18
BRDA:44,19,1,18
BRDA:61,20,0,1
BRDA:61,20,1,0
BRDA:69,21,0,1
BRDA:69,21,1,0
BRDA:74,22,0,0
BRDA:74,22,1,0
BRDA:78,23,0,0
BRDA:78,23,1,0
BRDA:78,24,0,0
BRDA:78,24,1,0
BRDA:87,25,0,0
BRDA:87,25,1,0
BRDA:91,26,0,0
BRDA:91,26,1,0
BRDA:92,27,0,0
BRDA:92,27,1,0
BRDA:92,27,2,0
BRDA:93,28,0,0
BRDA:93,28,1,0
BRDA:93,28,2,0
BRDA:95,29,0,0
BRDA:95,29,1,0
BRDA:97,30,0,0
BRDA:97,30,1,0
BRDA:99,31,0,0
BRDA:99,31,1,0
BRDA:117,32,0,0
BRDA:117,32,1,0
BRDA:118,33,0,0
BRDA:118,33,1,0
BRDA:135,34,0,1
BRDA:135,34,1,1
BRDA:139,35,0,1
BRDA:139,35,1,0
BRDA:143,36,0,0
BRDA:143,36,1,0
BRDA:155,37,0,0
BRDA:155,37,1,0
BRDA:162,38,0,0
BRDA:162,38,1,0
BRDA:165,39,0,0
BRDA:165,39,1,0
BRDA:165,40,0,0
BRDA:165,40,1,0
BRDA:165,41,0,0
BRDA:165,41,1,0
BRDA:165,42,0,0
BRDA:165,42,1,0
BRDA:165,43,0,0
BRDA:165,43,1,0
BRDA:165,44,0,0
BRDA:165,44,1,0
BRDA:165,45,0,0
BRDA:165,45,1,0
BRDA:165,46,0,0
BRDA:165,46,1,0
BRDA:165,47,0,0
BRDA:165,47,1,0
BRDA:165,48,0,0
BRDA:165,48,1,0
BRDA:182,49,0,0
BRDA:182,49,1,0
BRDA:191,50,0,0
BRDA:191,50,1,0
BRDA:194,51,0,0
BRDA:194,51,1,0
BRDA:196,52,0,0
BRDA:196,52,1,0
BRDA:196,53,0,0
BRDA:196,53,1,0
BRDA:197,54,0,0
BRDA:197,54,1,0
BRDA:197,55,0,0
BRDA:197,55,1,0
BRDA:198,56,0,0
BRDA:198,56,1,0
BRDA:198,57,0,0
BRDA:198,57,1,0
BRDA:199,58,0,0
BRDA:199,58,1,0
BRDA:199,59,0,0
BRDA:199,59,1,0
BRDA:206,60,0,0
BRDA:206,60,1,0
BRDA:206,61,0,0
BRDA:206,61,1,0
BRDA:210,62,0,0
BRDA:210,62,1,0
BRDA:212,63,0,0
BRDA:212,63,1,0
BRDA:212,64,0,0
BRDA:212,64,1,0
BRDA:212,65,0,0
BRDA:212,65,1,0
BRDA:212,66,0,0
BRDA:212,66,1,0
BRDA:213,67,0,0
BRDA:213,67,1,0
BRDA:213,68,0,0
BRDA:213,68,1,0
BRDA:213,69,0,0
BRDA:213,69,1,0
BRDA:213,70,0,0
BRDA:213,70,1,0
BRDA:235,71,0,0
BRDA:235,71,1,0
BRDA:241,72,0,0
BRDA:241,72,1,0
BRF:152
BRH:31
end_of_record
TN:
SF:lib\rateLimiter.js
FN:2,(anonymous_0)
FN:6,(anonymous_1)
FN:9,(anonymous_2)
FN:13,(anonymous_3)
FN:15,(anonymous_4)
FN:18,(anonymous_5)
FN:19,(anonymous_6)
FN:20,(anonymous_7)
FN:27,(anonymous_8)
FN:47,(anonymous_9)
FNF:10
FNH:2
FNDA:0,(anonymous_0)
FNDA:0,(anonymous_1)
FNDA:0,(anonymous_2)
FNDA:0,(anonymous_3)
FNDA:0,(anonymous_4)
FNDA:1,(anonymous_5)
FNDA:0,(anonymous_6)
FNDA:0,(anonymous_7)
FNDA:1,(anonymous_8)
FNDA:0,(anonymous_9)
DA:2,1
DA:3,0
DA:4,0
DA:5,0
DA:6,0
DA:8,0
DA:10,0
DA:11,0
DA:13,1
DA:14,0
DA:16,0
DA:18,1
DA:19,1
DA:20,0
DA:21,0
DA:22,0
DA:23,0
DA:25,0
DA:27,1
DA:28,1
DA:29,0
DA:30,0
DA:31,0
DA:32,0
DA:35,1
DA:36,1
DA:37,1
DA:38,1
DA:40,1
DA:41,0
DA:47,1
DA:48,0
DA:49,0
DA:50,0
DA:52,0
DA:53,0
DA:54,0
DA:62,0
DA:64,0
DA:65,0
DA:67,0
DA:68,0
DA:69,0
DA:70,0
DA:72,0
DA:82,0
LF:46
LH:12
BRDA:2,0,0,1
BRDA:2,0,1,1
BRDA:2,0,2,1
BRDA:2,1,0,1
BRDA:2,1,1,0
BRDA:3,2,0,0
BRDA:3,2,1,0
BRDA:5,3,0,0
BRDA:5,3,1,0
BRDA:5,4,0,0
BRDA:5,4,1,0
BRDA:5,5,0,0
BRDA:5,5,1,0
BRDA:5,6,0,0
BRDA:5,6,1,0
BRDA:10,7,0,0
BRDA:10,7,1,0
BRDA:13,8,0,1
BRDA:13,8,1,1
BRDA:13,8,2,1
BRDA:13,9,0,1
BRDA:13,9,1,0
BRDA:18,10,0,1
BRDA:18,10,1,1
BRDA:18,10,2,1
BRDA:20,11,0,0
BRDA:20,11,1,0
BRDA:22,12,0,0
BRDA:22,12,1,0
BRDA:28,13,0,1
BRDA:28,13,1,0
BRDA:28,14,0,1
BRDA:28,14,1,1
BRDA:30,15,0,0
BRDA:30,15,1,0
BRDA:30,16,0,0
BRDA:30,16,1,0
BRDA:40,17,0,0
BRDA:40,17,1,1
BRDA:64,18,0,0
BRDA:64,18,1,0
BRDA:69,19,0,0
BRDA:69,19,1,0
BRF:43
BRH:15
end_of_record
TN:
SF:lib\recalcTribes.js
FN:2,(anonymous_0)
FN:6,(anonymous_1)
FN:9,(anonymous_2)
FN:13,(anonymous_3)
FN:15,(anonymous_4)
FN:18,(anonymous_5)
FN:19,(anonymous_6)
FN:20,(anonymous_7)
FN:27,(anonymous_8)
FN:50,recalcTribesInternal
FN:61,(anonymous_10)
FN:65,(anonymous_11)
FN:87,(anonymous_12)
FN:90,(anonymous_13)
FN:115,(anonymous_14)
FN:118,(anonymous_15)
FNF:16
FNH:2
FNDA:0,(anonymous_0)
FNDA:0,(anonymous_1)
FNDA:0,(anonymous_2)
FNDA:0,(anonymous_3)
FNDA:0,(anonymous_4)
FNDA:1,(anonymous_5)
FNDA:0,(anonymous_6)
FNDA:0,(anonymous_7)
FNDA:1,(anonymous_8)
FNDA:0,recalcTribesInternal
FNDA:0,(anonymous_10)
FNDA:0,(anonymous_11)
FNDA:0,(anonymous_12)
FNDA:0,(anonymous_13)
FNDA:0,(anonymous_14)
FNDA:0,(anonymous_15)
DA:2,1
DA:3,0
DA:4,0
DA:5,0
DA:6,0
DA:8,0
DA:10,0
DA:11,0
DA:13,1
DA:14,0
DA:16,0
DA:18,1
DA:19,1
DA:20,0
DA:21,0
DA:22,0
DA:23,0
DA:25,0
DA:27,1
DA:28,1
DA:29,0
DA:30,0
DA:31,0
DA:32,0
DA:35,1
DA:36,1
DA:37,1
DA:38,1
DA:51,0
DA:54,0
DA:55,0
DA:57,0
DA:58,0
DA:60,0
DA:61,0
DA:62,0
DA:66,0
DA:67,0
DA:68,0
DA:69,0
DA:70,0
DA:71,0
DA:72,0
DA:73,0
DA:74,0
DA:82,0
DA:83,0
DA:84,0
DA:86,0
DA:87,0
DA:88,0
DA:91,0
DA:92,0
DA:93,0
DA:94,0
DA:95,0
DA:96,0
DA:97,0
DA:99,0
DA:100,0
DA:102,0
DA:103,0
DA:110,0
DA:111,0
DA:112,0
DA:114,0
DA:115,0
DA:116,0
DA:119,0
DA:120,0
DA:121,0
DA:122,0
DA:123,0
DA:124,0
DA:126,0
DA:127,0
DA:135,0
DA:136,0
DA:138,0
DA:139,0
DA:140,0
DA:141,0
DA:142,0
DA:143,0
DA:144,0
DA:152,0
DA:153,0
DA:155,0
DA:156,0
DA:157,0
LF:90
LH:10
BRDA:2,0,0,1
BRDA:2,0,1,1
BRDA:2,0,2,1
BRDA:2,1,0,1
BRDA:2,1,1,0
BRDA:3,2,0,0
BRDA:3,2,1,0
BRDA:5,3,0,0
BRDA:5,3,1,0
BRDA:5,4,0,0
BRDA:5,4,1,0
BRDA:5,5,0,0
BRDA:5,5,1,0
BRDA:5,6,0,0
BRDA:5,6,1,0
BRDA:10,7,0,0
BRDA:10,7,1,0
BRDA:13,8,0,1
BRDA:13,8,1,1
BRDA:13,8,2,1
BRDA:13,9,0,1
BRDA:13,9,1,0
BRDA:18,10,0,1
BRDA:18,10,1,1
BRDA:18,10,2,1
BRDA:20,11,0,0
BRDA:20,11,1,0
BRDA:22,12,0,0
BRDA:22,12,1,0
BRDA:28,13,0,1
BRDA:28,13,1,0
BRDA:28,14,0,1
BRDA:28,14,1,1
BRDA:30,15,0,0
BRDA:30,15,1,0
BRDA:30,16,0,0
BRDA:30,16,1,0
BRDA:68,17,0,0
BRDA:68,17,1,0
BRDA:68,18,0,0
BRDA:68,18,1,0
BRDA:70,19,0,0
BRDA:70,19,1,0
BRDA:73,20,0,0
BRDA:73,20,1,0
BRDA:92,21,0,0
BRDA:92,21,1,0
BRDA:95,22,0,0
BRDA:95,22,1,0
BRDA:96,23,0,0
BRDA:96,23,1,0
BRDA:99,24,0,0
BRDA:99,24,1,0
BRDA:102,25,0,0
BRDA:102,25,1,0
BRDA:122,26,0,0
BRDA:122,26,1,0
BRDA:122,27,0,0
BRDA:122,27,1,0
BRDA:123,28,0,0
BRDA:123,28,1,0
BRDA:123,29,0,0
BRDA:123,29,1,0
BRDA:126,30,0,0
BRDA:126,30,1,0
BRDA:140,31,0,0
BRDA:140,31,1,0
BRDA:141,32,0,0
BRDA:141,32,1,0
BRDA:142,33,0,0
BRDA:142,33,1,0
BRF:71
BRH:14
end_of_record
TN:
SF:lib\refreshQuarterlyChallenges.js
FN:14,(anonymous_0)
FN:18,(anonymous_1)
FN:21,(anonymous_2)
FN:25,(anonymous_3)
FN:27,(anonymous_4)
FN:30,(anonymous_5)
FN:31,(anonymous_6)
FN:32,(anonymous_7)
FN:39,(anonymous_8)
FN:89,(anonymous_9)
FN:131,createPartnerChallenge
FN:191,sendQuarterlyChallengeNotification
FN:213,generateQuarterlySteps
FN:252,getEndOfQuarter
FNF:14
FNH:2
FNDA:0,(anonymous_0)
FNDA:0,(anonymous_1)
FNDA:0,(anonymous_2)
FNDA:0,(anonymous_3)
FNDA:0,(anonymous_4)
FNDA:1,(anonymous_5)
FNDA:0,(anonymous_6)
FNDA:0,(anonymous_7)
FNDA:1,(anonymous_8)
FNDA:0,(anonymous_9)
FNDA:0,createPartnerChallenge
FNDA:0,sendQuarterlyChallengeNotification
FNDA:0,generateQuarterlySteps
FNDA:0,getEndOfQuarter
DA:14,1
DA:15,0
DA:16,0
DA:17,0
DA:18,0
DA:20,0
DA:22,0
DA:23,0
DA:25,1
DA:26,0
DA:28,0
DA:30,1
DA:31,1
DA:32,0
DA:33,0
DA:34,0
DA:35,0
DA:37,0
DA:39,1
DA:40,1
DA:41,0
DA:42,0
DA:43,0
DA:44,0
DA:47,1
DA:48,1
DA:49,1
DA:50,1
DA:51,1
DA:52,0
DA:54,1
DA:59,1
DA:85,1
DA:90,0
DA:91,0
DA:92,0
DA:93,0
DA:94,0
DA:95,0
DA:96,0
DA:97,0
DA:98,0
DA:100,0
DA:101,0
DA:103,0
DA:104,0
DA:105,0
DA:108,0
DA:116,0
DA:119,0
DA:120,0
DA:133,0
DA:135,0
DA:136,0
DA:137,0
DA:139,0
DA:141,0
DA:142,0
DA:143,0
DA:146,0
DA:179,0
DA:180,0
DA:183,0
DA:192,0
DA:204,0
DA:205,0
DA:214,0
DA:215,0
DA:221,0
DA:227,0
DA:233,0
DA:239,0
DA:245,0
DA:253,0
DA:254,0
DA:255,0
DA:256,0
DA:257,0
LF:78
LH:14
BRDA:14,0,0,1
BRDA:14,0,1,1
BRDA:14,0,2,1
BRDA:14,1,0,1
BRDA:14,1,1,0
BRDA:15,2,0,0
BRDA:15,2,1,0
BRDA:17,3,0,0
BRDA:17,3,1,0
BRDA:17,4,0,0
BRDA:17,4,1,0
BRDA:17,5,0,0
BRDA:17,5,1,0
BRDA:17,6,0,0
BRDA:17,6,1,0
BRDA:22,7,0,0
BRDA:22,7,1,0
BRDA:25,8,0,1
BRDA:25,8,1,1
BRDA:25,8,2,1
BRDA:25,9,0,1
BRDA:25,9,1,0
BRDA:30,10,0,1
BRDA:30,10,1,1
BRDA:30,10,2,1
BRDA:32,11,0,0
BRDA:32,11,1,0
BRDA:34,12,0,0
BRDA:34,12,1,0
BRDA:40,13,0,1
BRDA:40,13,1,0
BRDA:40,14,0,1
BRDA:40,14,1,1
BRDA:42,15,0,0
BRDA:42,15,1,0
BRDA:42,16,0,0
BRDA:42,16,1,0
BRDA:51,17,0,0
BRDA:51,17,1,1
BRDA:90,18,0,0
BRDA:90,18,1,0
BRDA:96,19,0,0
BRDA:96,19,1,0
BRDA:135,20,0,0
BRDA:135,20,1,0
BRDA:141,21,0,0
BRDA:141,21,1,0
BRDA:151,22,0,0
BRDA:151,22,1,0
BRF:49
BRH:15
end_of_record
TN:
SF:lib\revenuecat_events.js
FN:2,(anonymous_0)
FN:6,(anonymous_1)
FN:9,(anonymous_2)
FN:13,(anonymous_3)
FN:15,(anonymous_4)
FN:18,(anonymous_5)
FN:19,(anonymous_6)
FN:20,(anonymous_7)
FN:27,(anonymous_8)
FN:44,(anonymous_9)
FN:87,(anonymous_10)
FN:131,(anonymous_11)
FN:176,(anonymous_12)
FN:218,(anonymous_13)
FN:262,(anonymous_14)
FNF:15
FNH:2
FNDA:0,(anonymous_0)
FNDA:0,(anonymous_1)
FNDA:0,(anonymous_2)
FNDA:0,(anonymous_3)
FNDA:0,(anonymous_4)
FNDA:1,(anonymous_5)
FNDA:0,(anonymous_6)
FNDA:0,(anonymous_7)
FNDA:1,(anonymous_8)
FNDA:0,(anonymous_9)
FNDA:0,(anonymous_10)
FNDA:0,(anonymous_11)
FNDA:0,(anonymous_12)
FNDA:0,(anonymous_13)
FNDA:0,(anonymous_14)
DA:2,1
DA:3,0
DA:4,0
DA:5,0
DA:6,0
DA:8,0
DA:10,0
DA:11,0
DA:13,1
DA:14,0
DA:16,0
DA:18,1
DA:19,1
DA:20,0
DA:21,0
DA:22,0
DA:23,0
DA:25,0
DA:27,1
DA:28,1
DA:29,0
DA:30,0
DA:31,0
DA:32,0
DA:35,1
DA:36,1
DA:37,1
DA:38,1
DA:39,1
DA:44,1
DA:45,0
DA:46,0
DA:47,0
DA:48,0
DA:49,0
DA:50,0
DA:52,0
DA:53,0
DA:54,0
DA:55,0
DA:57,0
DA:58,0
DA:59,0
DA:60,0
DA:61,0
DA:64,0
DA:76,0
DA:77,0
DA:80,0
DA:87,1
DA:88,0
DA:89,0
DA:90,0
DA:91,0
DA:92,0
DA:93,0
DA:95,0
DA:100,0
DA:101,0
DA:102,0
DA:103,0
DA:104,0
DA:105,0
DA:107,0
DA:119,0
DA:120,0
DA:124,0
DA:131,1
DA:132,0
DA:133,0
DA:134,0
DA:135,0
DA:136,0
DA:137,0
DA:139,0
DA:145,0
DA:146,0
DA:147,0
DA:148,0
DA:149,0
DA:150,0
DA:152,0
DA:164,0
DA:165,0
DA:169,0
DA:176,1
DA:177,0
DA:178,0
DA:179,0
DA:180,0
DA:181,0
DA:183,0
DA:188,0
DA:189,0
DA:190,0
DA:191,0
DA:192,0
DA:193,0
DA:195,0
DA:206,0
DA:207,0
DA:211,0
DA:218,1
DA:219,0
DA:220,0
DA:221,0
DA:222,0
DA:223,0
DA:224,0
DA:226,0
DA:231,0
DA:232,0
DA:233,0
DA:234,0
DA:235,0
DA:236,0
DA:238,0
DA:250,0
DA:251,0
DA:255,0
DA:262,1
DA:263,0
DA:264,0
DA:265,0
DA:266,0
DA:267,0
DA:268,0
DA:270,0
DA:276,0
DA:277,0
DA:278,0
DA:279,0
DA:280,0
DA:281,0
DA:283,0
DA:295,0
DA:296,0
DA:300,0
LF:138
LH:17
BRDA:2,0,0,1
BRDA:2,0,1,1
BRDA:2,0,2,1
BRDA:2,1,0,1
BRDA:2,1,1,0
BRDA:3,2,0,0
BRDA:3,2,1,0
BRDA:5,3,0,0
BRDA:5,3,1,0
BRDA:5,4,0,0
BRDA:5,4,1,0
BRDA:5,5,0,0
BRDA:5,5,1,0
BRDA:5,6,0,0
BRDA:5,6,1,0
BRDA:10,7,0,0
BRDA:10,7,1,0
BRDA:13,8,0,1
BRDA:13,8,1,1
BRDA:13,8,2,1
BRDA:13,9,0,1
BRDA:13,9,1,0
BRDA:18,10,0,1
BRDA:18,10,1,1
BRDA:18,10,2,1
BRDA:20,11,0,0
BRDA:20,11,1,0
BRDA:22,12,0,0
BRDA:22,12,1,0
BRDA:28,13,0,1
BRDA:28,13,1,0
BRDA:28,14,0,1
BRDA:28,14,1,1
BRDA:30,15,0,0
BRDA:30,15,1,0
BRDA:30,16,0,0
BRDA:30,16,1,0
BRDA:53,17,0,0
BRDA:53,17,1,0
BRDA:58,18,0,0
BRDA:58,18,1,0
BRDA:58,19,0,0
BRDA:58,19,1,0
BRDA:59,20,0,0
BRDA:59,20,1,0
BRDA:101,21,0,0
BRDA:101,21,1,0
BRDA:104,22,0,0
BRDA:104,22,1,0
BRDA:104,23,0,0
BRDA:104,23,1,0
BRDA:105,24,0,0
BRDA:105,24,1,0
BRDA:146,25,0,0
BRDA:146,25,1,0
BRDA:149,26,0,0
BRDA:149,26,1,0
BRDA:149,27,0,0
BRDA:149,27,1,0
BRDA:150,28,0,0
BRDA:150,28,1,0
BRDA:189,29,0,0
BRDA:189,29,1,0
BRDA:192,30,0,0
BRDA:192,30,1,0
BRDA:192,31,0,0
BRDA:192,31,1,0
BRDA:193,32,0,0
BRDA:193,32,1,0
BRDA:232,33,0,0
BRDA:232,33,1,0
BRDA:235,34,0,0
BRDA:235,34,1,0
BRDA:235,35,0,0
BRDA:235,35,1,0
BRDA:236,36,0,0
BRDA:236,36,1,0
BRDA:277,37,0,0
BRDA:277,37,1,0
BRDA:280,38,0,0
BRDA:280,38,1,0
BRDA:280,39,0,0
BRDA:280,39,1,0
BRDA:281,40,0,0
BRDA:281,40,1,0
BRF:85
BRH:14
end_of_record
